Using pre-set license
Built from '2021.3/staging' branch; Version is '2021.3.20f1 (577897200b8b) revision 5732503'; Using compiler version '192829333'; Build Type 'Release'
OS: 'Windows 10  (10.0.18362) 64bit Professional' Language: 'ko' Physical Memory: 16194 MB
BatchMode: 1, IsHumanControllingUs: 0, StartBugReporterOnCrash: 0, Is64bit: 1, IsPro: 1

COMMAND LINE ARGUMENTS:
C:\Program Files\Unity\Hub\Editor\2021.3.20f1\Editor\Unity.exe
-adb2
-batchMode
-noUpm
-name
AssetImportWorker3
-projectPath
C:/Users/SGA/Desktop/Unity_3D/Unity3D/My project
-logFile
Logs/AssetImportWorker3.log
-srvPort
50479
Successfully changed project path to: C:/Users/SGA/Desktop/Unity_3D/Unity3D/My project
C:/Users/SGA/Desktop/Unity_3D/Unity3D/My project
[UnityMemory] Configuration Parameters - Can be set up in boot.config
    "memorysetup-bucket-allocator-granularity=16"
    "memorysetup-bucket-allocator-bucket-count=8"
    "memorysetup-bucket-allocator-block-size=33554432"
    "memorysetup-bucket-allocator-block-count=8"
    "memorysetup-main-allocator-block-size=16777216"
    "memorysetup-thread-allocator-block-size=16777216"
    "memorysetup-gfx-main-allocator-block-size=16777216"
    "memorysetup-gfx-thread-allocator-block-size=16777216"
    "memorysetup-cache-allocator-block-size=4194304"
    "memorysetup-typetree-allocator-block-size=2097152"
    "memorysetup-profiler-bucket-allocator-granularity=16"
    "memorysetup-profiler-bucket-allocator-bucket-count=8"
    "memorysetup-profiler-bucket-allocator-block-size=33554432"
    "memorysetup-profiler-bucket-allocator-block-count=8"
    "memorysetup-profiler-allocator-block-size=16777216"
    "memorysetup-profiler-editor-allocator-block-size=1048576"
    "memorysetup-temp-allocator-size-main=16777216"
    "memorysetup-job-temp-allocator-block-size=2097152"
    "memorysetup-job-temp-allocator-block-size-background=1048576"
    "memorysetup-job-temp-allocator-reduction-small-platforms=262144"
    "memorysetup-temp-allocator-size-background-worker=32768"
    "memorysetup-temp-allocator-size-job-worker=262144"
    "memorysetup-temp-allocator-size-preload-manager=33554432"
    "memorysetup-temp-allocator-size-nav-mesh-worker=65536"
    "memorysetup-temp-allocator-size-audio-worker=65536"
    "memorysetup-temp-allocator-size-cloud-worker=32768"
    "memorysetup-temp-allocator-size-gi-baking-worker=262144"
    "memorysetup-temp-allocator-size-gfx=262144"
Player connection [7788] Host "[IP] 192.168.0.202 [Port] 0 [Flags] 2 [Guid] 3714752298 [EditorId] 3714752298 [Version] 1048832 [Id] WindowsEditor(7,DESKTOP-HQKDT44) [Debug] 1 [PackageName] WindowsEditor [ProjectName] Editor" joined multi-casting on [225.0.0.222:54997]...

Player connection [7788] Host "[IP] 192.168.0.202 [Port] 0 [Flags] 2 [Guid] 3714752298 [EditorId] 3714752298 [Version] 1048832 [Id] WindowsEditor(7,DESKTOP-HQKDT44) [Debug] 1 [PackageName] WindowsEditor [ProjectName] Editor" joined alternative multi-casting on [225.0.0.222:34997]...

Refreshing native plugins compatible for Editor in 65.44 ms, found 3 plugins.
Preloading 0 native plugins for Editor in 0.00 ms.
Initialize engine version: 2021.3.20f1 (577897200b8b)
[Subsystems] Discovering subsystems at path C:/Program Files/Unity/Hub/Editor/2021.3.20f1/Editor/Data/Resources/UnitySubsystems
[Subsystems] Discovering subsystems at path C:/Users/SGA/Desktop/Unity_3D/Unity3D/My project/Assets
GfxDevice: creating device client; threaded=0; jobified=0
Direct3D:
    Version:  Direct3D 11.0 [level 11.1]
    Renderer: NVIDIA GeForce GTX 1650 (ID=0x1f82)
    Vendor:   NVIDIA
    VRAM:     3962 MB
    Driver:   31.0.15.1694
Initialize mono
Mono path[0] = 'C:/Program Files/Unity/Hub/Editor/2021.3.20f1/Editor/Data/Managed'
Mono path[1] = 'C:/Program Files/Unity/Hub/Editor/2021.3.20f1/Editor/Data/MonoBleedingEdge/lib/mono/unityjit-win32'
Mono config path = 'C:/Program Files/Unity/Hub/Editor/2021.3.20f1/Editor/Data/MonoBleedingEdge/etc'
Using monoOptions --debugger-agent=transport=dt_socket,embedding=1,server=y,suspend=n,address=127.0.0.1:56848
Begin MonoManager ReloadAssembly
Registering precompiled unity dll's ...
Register platform support module: C:/Program Files/Unity/Hub/Editor/2021.3.20f1/Editor/Data/PlaybackEngines/AndroidPlayer/UnityEditor.Android.Extensions.dll
Register platform support module: C:/Program Files/Unity/Hub/Editor/2021.3.20f1/Editor/Data/PlaybackEngines/WindowsStandaloneSupport/UnityEditor.WindowsStandalone.Extensions.dll
Registered in 0.002289 seconds.
Native extension for WindowsStandalone target not found
Native extension for Android target not found
Android Extension - Scanning For ADB Devices 120 ms
Refreshing native plugins compatible for Editor in 59.76 ms, found 3 plugins.
Preloading 0 native plugins for Editor in 0.00 ms.
Mono: successfully reloaded assembly
- Completed reload, in  0.536 seconds
Domain Reload Profiling:
	ReloadAssembly (537ms)
		BeginReloadAssembly (54ms)
			ExecutionOrderSort (0ms)
			DisableScriptedObjects (0ms)
			BackupInstance (0ms)
			ReleaseScriptingObjects (0ms)
			CreateAndSetChildDomain (1ms)
		EndReloadAssembly (423ms)
			LoadAssemblies (53ms)
			RebuildTransferFunctionScriptingTraits (0ms)
			SetupTypeCache (67ms)
			ReleaseScriptCaches (0ms)
			RebuildScriptCaches (17ms)
			SetupLoadedEditorAssemblies (306ms)
				LogAssemblyErrors (0ms)
				InitializePlatformSupportModulesInManaged (163ms)
				SetLoadedEditorAssemblies (0ms)
				RefreshPlugins (60ms)
				BeforeProcessingInitializeOnLoad (1ms)
				ProcessInitializeOnLoadAttributes (56ms)
				ProcessInitializeOnLoadMethodAttributes (26ms)
				AfterProcessingInitializeOnLoad (0ms)
				EditorAssembliesLoaded (0ms)
			ExecutionOrderSort2 (0ms)
			AwakeInstancesAfterBackupRestoration (0ms)
Platform modules already initialized, skipping
Registering precompiled user dll's ...
Registered in 0.002256 seconds.
Begin MonoManager ReloadAssembly
Symbol file LoadedFromMemory doesn't match image C:\Users\SGA\Desktop\Unity_3D\Unity3D\My project\Library\PackageCache\com.unity.visualscripting@1.8.0\Editor\VisualScripting.Core\Dependencies\YamlDotNet\Unity.VisualScripting.YamlDotNet.dll
Symbol file LoadedFromMemory doesn't match image C:\Users\SGA\Desktop\Unity_3D\Unity3D\My project\Library\PackageCache\com.unity.visualscripting@1.8.0\Editor\VisualScripting.Core\Dependencies\DotNetZip\Unity.VisualScripting.IonicZip.dll
Native extension for WindowsStandalone target not found
Native extension for Android target not found
Refreshing native plugins compatible for Editor in 55.58 ms, found 3 plugins.
Preloading 0 native plugins for Editor in 0.00 ms.
Mono: successfully reloaded assembly
- Completed reload, in  0.723 seconds
Domain Reload Profiling:
	ReloadAssembly (723ms)
		BeginReloadAssembly (74ms)
			ExecutionOrderSort (0ms)
			DisableScriptedObjects (4ms)
			BackupInstance (0ms)
			ReleaseScriptingObjects (0ms)
			CreateAndSetChildDomain (13ms)
		EndReloadAssembly (582ms)
			LoadAssemblies (54ms)
			RebuildTransferFunctionScriptingTraits (0ms)
			SetupTypeCache (163ms)
			ReleaseScriptCaches (0ms)
			RebuildScriptCaches (31ms)
			SetupLoadedEditorAssemblies (308ms)
				LogAssemblyErrors (0ms)
				InitializePlatformSupportModulesInManaged (10ms)
				SetLoadedEditorAssemblies (0ms)
				RefreshPlugins (56ms)
				BeforeProcessingInitializeOnLoad (50ms)
				ProcessInitializeOnLoadAttributes (179ms)
				ProcessInitializeOnLoadMethodAttributes (11ms)
				AfterProcessingInitializeOnLoad (3ms)
				EditorAssembliesLoaded (0ms)
			ExecutionOrderSort2 (0ms)
			AwakeInstancesAfterBackupRestoration (4ms)
Platform modules already initialized, skipping
========================================================================
Worker process is ready to serve import requests
Launched and connected shader compiler UnityShaderCompiler.exe after 0.02 seconds
Refreshing native plugins compatible for Editor in 0.43 ms, found 3 plugins.
Preloading 0 native plugins for Editor in 0.00 ms.
Unloading 3234 Unused Serialized files (Serialized files now loaded: 0)
Unloading 45 unused Assets / (0.6 MB). Loaded Objects now: 3734.
Memory consumption went from 142.1 MB to 141.5 MB.
Total: 2.200500 ms (FindLiveObjects: 0.167800 ms CreateObjectMapping: 0.071400 ms MarkObjects: 1.807100 ms  DeleteObjects: 0.153500 ms)

AssetImportParameters requested are different than current active one (requested -> active):
  custom:video-decoder-ogg-theora: a1e56fd34408186e4bbccfd4996cb3dc -> 
  custom:container-muxer-webm: aa71ff27fc2769a1b78a27578f13a17b -> 
  custom:container-demuxer-webm: 4f35f7cbe854078d1ac9338744f61a02 -> 
  custom:video-encoder-webm-vp8: eb34c28f22e8b96e1ab97ce403110664 -> 
  custom:audio-encoder-webm-vorbis: bf7c407c2cedff20999df2af8eb42d56 -> 
  custom:framework-win-MediaFoundation: 216162199b28c13a410421893ffa2e32 -> 
  custom:container-demuxer-ogg: 62fdf1f143b41e24485cea50d1cbac27 -> 
  custom:video-decoder-webm-vp8: 9c59270c3fd7afecdb556c50c9e8de78 -> 
  custom:audio-decoder-ogg-vorbis: bf7c407c2cedff20999df2af8eb42d56 -> 
========================================================================
Received Import Request.
  Time since last request: 2478.728085 seconds.
  path: Assets/LowpolyStreetPack/Prefabs/StreetProps/RoadBlocks/RoadBlock_C.prefab
  artifactKey: Guid(c51050087ea26c14e952d5c3001ec5f7) Importer(815301076,1909f56bfc062723c751e8b465ee728b)
Start importing Assets/LowpolyStreetPack/Prefabs/StreetProps/RoadBlocks/RoadBlock_C.prefab using Guid(c51050087ea26c14e952d5c3001ec5f7) Importer(815301076,1909f56bfc062723c751e8b465ee728b)  -> (artifact id: 'c4103bf1f487bef30d5e9eb445888ae3') in 0.131043 seconds 
========================================================================
Received Import Request.
  Time since last request: 15.287809 seconds.
  path: Assets/LowpolyStreetPack/Prefabs/StreetProps/Signs/StreetSigns/StreetSign_C.prefab
  artifactKey: Guid(d48a7a7e3030b9047981fab701491ef3) Importer(815301076,1909f56bfc062723c751e8b465ee728b)
Start importing Assets/LowpolyStreetPack/Prefabs/StreetProps/Signs/StreetSigns/StreetSign_C.prefab using Guid(d48a7a7e3030b9047981fab701491ef3) Importer(815301076,1909f56bfc062723c751e8b465ee728b)  -> (artifact id: '2913d64a6159b357a97b26e058750d51') in 0.038601 seconds 
========================================================================
Received Import Request.
  Time since last request: 0.000027 seconds.
  path: Assets/LowpolyStreetPack/Prefabs/StreetProps/Signs/StreetSigns/StreetSign_E.prefab
  artifactKey: Guid(3f2db8aa2aea19942b991f1cb7b4aa15) Importer(815301076,1909f56bfc062723c751e8b465ee728b)
Start importing Assets/LowpolyStreetPack/Prefabs/StreetProps/Signs/StreetSigns/StreetSign_E.prefab using Guid(3f2db8aa2aea19942b991f1cb7b4aa15) Importer(815301076,1909f56bfc062723c751e8b465ee728b)  -> (artifact id: '7264a6ba1752ea10e57c0c9ac58b1e82') in 0.046834 seconds 
========================================================================
Received Import Request.
  Time since last request: 0.000036 seconds.
  path: Assets/LowpolyStreetPack/Prefabs/StreetProps/Signs/StreetSigns/StreetSign_G.prefab
  artifactKey: Guid(aceb31403336b2b45bd74f4748b83b90) Importer(815301076,1909f56bfc062723c751e8b465ee728b)
Start importing Assets/LowpolyStreetPack/Prefabs/StreetProps/Signs/StreetSigns/StreetSign_G.prefab using Guid(aceb31403336b2b45bd74f4748b83b90) Importer(815301076,1909f56bfc062723c751e8b465ee728b)  -> (artifact id: '3b994e95981537da16eaa54b02427754') in 0.023748 seconds 
========================================================================
Received Import Request.
  Time since last request: 0.858498 seconds.
  path: Assets/LowpolyStreetPack/Prefabs/StreetProps/Signs/HighwaySigns/HighwaySign_C.prefab
  artifactKey: Guid(45eacea3c4791fa4da8f65a3656925e1) Importer(815301076,1909f56bfc062723c751e8b465ee728b)
Start importing Assets/LowpolyStreetPack/Prefabs/StreetProps/Signs/HighwaySigns/HighwaySign_C.prefab using Guid(45eacea3c4791fa4da8f65a3656925e1) Importer(815301076,1909f56bfc062723c751e8b465ee728b)  -> (artifact id: 'efb799e618a21a194df0617718332ac7') in 0.030610 seconds 
========================================================================
Received Import Request.
  Time since last request: 20.620215 seconds.
  path: Assets/LowpolyStreetPack/Prefabs/StreetProps/TraficLights/LampPost_C.prefab
  artifactKey: Guid(32af3f393ff0d7f4181a38ba0c48bc83) Importer(815301076,1909f56bfc062723c751e8b465ee728b)
Start importing Assets/LowpolyStreetPack/Prefabs/StreetProps/TraficLights/LampPost_C.prefab using Guid(32af3f393ff0d7f4181a38ba0c48bc83) Importer(815301076,1909f56bfc062723c751e8b465ee728b)  -> (artifact id: 'b97b5c70b3f74cfc7e131e4e4e838c02') in 0.030099 seconds 
========================================================================
Received Import Request.
  Time since last request: 0.000019 seconds.
  path: Assets/LowpolyStreetPack/Prefabs/StreetProps/TraficLights/LampPost_F.prefab
  artifactKey: Guid(9a4548a096dcf0b4bbd08df5cac590a7) Importer(815301076,1909f56bfc062723c751e8b465ee728b)
Start importing Assets/LowpolyStreetPack/Prefabs/StreetProps/TraficLights/LampPost_F.prefab using Guid(9a4548a096dcf0b4bbd08df5cac590a7) Importer(815301076,1909f56bfc062723c751e8b465ee728b)  -> (artifact id: '5aa9783ca7cdb674049a7a8324296e50') in 0.065772 seconds 
========================================================================
Received Import Request.
  Time since last request: 0.000023 seconds.
  path: Assets/LowpolyStreetPack/Prefabs/StreetProps/TraficLights/LampPost_I.prefab
  artifactKey: Guid(1f2fa3a64566519459d43669bf89c0e4) Importer(815301076,1909f56bfc062723c751e8b465ee728b)
Start importing Assets/LowpolyStreetPack/Prefabs/StreetProps/TraficLights/LampPost_I.prefab using Guid(1f2fa3a64566519459d43669bf89c0e4) Importer(815301076,1909f56bfc062723c751e8b465ee728b)  -> (artifact id: '1f09629a674679a7268be0fcc6b85f53') in 0.029914 seconds 
Editor requested this worker to shutdown with reason: Scaling down because of idle timeout
AssetImportWorker is now disconnected from the server
Process exiting
Exiting without the bug reporter. Application will terminate with return code 0