Using pre-set license
Built from '2021.3/staging' branch; Version is '2021.3.20f1 (577897200b8b) revision 5732503'; Using compiler version '192829333'; Build Type 'Release'
OS: 'Windows 10  (10.0.18362) 64bit Professional' Language: 'ko' Physical Memory: 16194 MB
BatchMode: 1, IsHumanControllingUs: 0, StartBugReporterOnCrash: 0, Is64bit: 1, IsPro: 1

COMMAND LINE ARGUMENTS:
C:\Program Files\Unity\Hub\Editor\2021.3.20f1\Editor\Unity.exe
-adb2
-batchMode
-noUpm
-name
AssetImportWorker0
-projectPath
C:/Users/SGA/Desktop/Unity_3D/Unity3D/My project
-logFile
Logs/AssetImportWorker0.log
-srvPort
50699
Successfully changed project path to: C:/Users/SGA/Desktop/Unity_3D/Unity3D/My project
C:/Users/SGA/Desktop/Unity_3D/Unity3D/My project
[UnityMemory] Configuration Parameters - Can be set up in boot.config
    "memorysetup-bucket-allocator-granularity=16"
    "memorysetup-bucket-allocator-bucket-count=8"
    "memorysetup-bucket-allocator-block-size=33554432"
    "memorysetup-bucket-allocator-block-count=8"
    "memorysetup-main-allocator-block-size=16777216"
    "memorysetup-thread-allocator-block-size=16777216"
    "memorysetup-gfx-main-allocator-block-size=16777216"
    "memorysetup-gfx-thread-allocator-block-size=16777216"
    "memorysetup-cache-allocator-block-size=4194304"
    "memorysetup-typetree-allocator-block-size=2097152"
    "memorysetup-profiler-bucket-allocator-granularity=16"
    "memorysetup-profiler-bucket-allocator-bucket-count=8"
    "memorysetup-profiler-bucket-allocator-block-size=33554432"
    "memorysetup-profiler-bucket-allocator-block-count=8"
    "memorysetup-profiler-allocator-block-size=16777216"
    "memorysetup-profiler-editor-allocator-block-size=1048576"
    "memorysetup-temp-allocator-size-main=16777216"
    "memorysetup-job-temp-allocator-block-size=2097152"
    "memorysetup-job-temp-allocator-block-size-background=1048576"
    "memorysetup-job-temp-allocator-reduction-small-platforms=262144"
    "memorysetup-temp-allocator-size-background-worker=32768"
    "memorysetup-temp-allocator-size-job-worker=262144"
    "memorysetup-temp-allocator-size-preload-manager=33554432"
    "memorysetup-temp-allocator-size-nav-mesh-worker=65536"
    "memorysetup-temp-allocator-size-audio-worker=65536"
    "memorysetup-temp-allocator-size-cloud-worker=32768"
    "memorysetup-temp-allocator-size-gi-baking-worker=262144"
    "memorysetup-temp-allocator-size-gfx=262144"
Player connection [14272] Host "[IP] 192.168.0.202 [Port] 0 [Flags] 2 [Guid] 2211701985 [EditorId] 2211701985 [Version] 1048832 [Id] WindowsEditor(7,DESKTOP-HQKDT44) [Debug] 1 [PackageName] WindowsEditor [ProjectName] Editor" joined multi-casting on [225.0.0.222:54997]...

Player connection [14272] Host "[IP] 192.168.0.202 [Port] 0 [Flags] 2 [Guid] 2211701985 [EditorId] 2211701985 [Version] 1048832 [Id] WindowsEditor(7,DESKTOP-HQKDT44) [Debug] 1 [PackageName] WindowsEditor [ProjectName] Editor" joined alternative multi-casting on [225.0.0.222:34997]...

Refreshing native plugins compatible for Editor in 51.72 ms, found 3 plugins.
Preloading 0 native plugins for Editor in 0.00 ms.
Initialize engine version: 2021.3.20f1 (577897200b8b)
[Subsystems] Discovering subsystems at path C:/Program Files/Unity/Hub/Editor/2021.3.20f1/Editor/Data/Resources/UnitySubsystems
[Subsystems] Discovering subsystems at path C:/Users/SGA/Desktop/Unity_3D/Unity3D/My project/Assets
GfxDevice: creating device client; threaded=0; jobified=0
Direct3D:
    Version:  Direct3D 11.0 [level 11.1]
    Renderer: NVIDIA GeForce GTX 1650 (ID=0x1f82)
    Vendor:   NVIDIA
    VRAM:     3962 MB
    Driver:   31.0.15.1694
Initialize mono
Mono path[0] = 'C:/Program Files/Unity/Hub/Editor/2021.3.20f1/Editor/Data/Managed'
Mono path[1] = 'C:/Program Files/Unity/Hub/Editor/2021.3.20f1/Editor/Data/MonoBleedingEdge/lib/mono/unityjit-win32'
Mono config path = 'C:/Program Files/Unity/Hub/Editor/2021.3.20f1/Editor/Data/MonoBleedingEdge/etc'
Using monoOptions --debugger-agent=transport=dt_socket,embedding=1,server=y,suspend=n,address=127.0.0.1:56184
Begin MonoManager ReloadAssembly
Registering precompiled unity dll's ...
Register platform support module: C:/Program Files/Unity/Hub/Editor/2021.3.20f1/Editor/Data/PlaybackEngines/AndroidPlayer/UnityEditor.Android.Extensions.dll
Register platform support module: C:/Program Files/Unity/Hub/Editor/2021.3.20f1/Editor/Data/PlaybackEngines/WindowsStandaloneSupport/UnityEditor.WindowsStandalone.Extensions.dll
Registered in 0.005250 seconds.
Native extension for WindowsStandalone target not found
Native extension for Android target not found
Android Extension - Scanning For ADB Devices 134 ms
Refreshing native plugins compatible for Editor in 51.27 ms, found 3 plugins.
Preloading 0 native plugins for Editor in 0.00 ms.
Mono: successfully reloaded assembly
- Completed reload, in  0.570 seconds
Domain Reload Profiling:
	ReloadAssembly (571ms)
		BeginReloadAssembly (56ms)
			ExecutionOrderSort (0ms)
			DisableScriptedObjects (0ms)
			BackupInstance (0ms)
			ReleaseScriptingObjects (0ms)
			CreateAndSetChildDomain (1ms)
		EndReloadAssembly (443ms)
			LoadAssemblies (55ms)
			RebuildTransferFunctionScriptingTraits (0ms)
			SetupTypeCache (71ms)
			ReleaseScriptCaches (0ms)
			RebuildScriptCaches (18ms)
			SetupLoadedEditorAssemblies (320ms)
				LogAssemblyErrors (0ms)
				InitializePlatformSupportModulesInManaged (180ms)
				SetLoadedEditorAssemblies (0ms)
				RefreshPlugins (51ms)
				BeforeProcessingInitializeOnLoad (1ms)
				ProcessInitializeOnLoadAttributes (61ms)
				ProcessInitializeOnLoadMethodAttributes (27ms)
				AfterProcessingInitializeOnLoad (0ms)
				EditorAssembliesLoaded (0ms)
			ExecutionOrderSort2 (0ms)
			AwakeInstancesAfterBackupRestoration (0ms)
Platform modules already initialized, skipping
Registering precompiled user dll's ...
Registered in 0.002581 seconds.
Begin MonoManager ReloadAssembly
Symbol file LoadedFromMemory doesn't match image C:\Users\SGA\Desktop\Unity_3D\Unity3D\My project\Library\PackageCache\com.unity.visualscripting@1.8.0\Editor\VisualScripting.Core\Dependencies\YamlDotNet\Unity.VisualScripting.YamlDotNet.dll
Symbol file LoadedFromMemory doesn't match image C:\Users\SGA\Desktop\Unity_3D\Unity3D\My project\Library\PackageCache\com.unity.visualscripting@1.8.0\Editor\VisualScripting.Core\Dependencies\DotNetZip\Unity.VisualScripting.IonicZip.dll
Native extension for WindowsStandalone target not found
Native extension for Android target not found
Refreshing native plugins compatible for Editor in 54.44 ms, found 3 plugins.
Preloading 0 native plugins for Editor in 0.00 ms.
Mono: successfully reloaded assembly
- Completed reload, in  0.778 seconds
Domain Reload Profiling:
	ReloadAssembly (778ms)
		BeginReloadAssembly (80ms)
			ExecutionOrderSort (0ms)
			DisableScriptedObjects (4ms)
			BackupInstance (0ms)
			ReleaseScriptingObjects (0ms)
			CreateAndSetChildDomain (15ms)
		EndReloadAssembly (608ms)
			LoadAssemblies (58ms)
			RebuildTransferFunctionScriptingTraits (0ms)
			SetupTypeCache (166ms)
			ReleaseScriptCaches (0ms)
			RebuildScriptCaches (32ms)
			SetupLoadedEditorAssemblies (329ms)
				LogAssemblyErrors (0ms)
				InitializePlatformSupportModulesInManaged (11ms)
				SetLoadedEditorAssemblies (0ms)
				RefreshPlugins (54ms)
				BeforeProcessingInitializeOnLoad (59ms)
				ProcessInitializeOnLoadAttributes (190ms)
				ProcessInitializeOnLoadMethodAttributes (11ms)
				AfterProcessingInitializeOnLoad (4ms)
				EditorAssembliesLoaded (0ms)
			ExecutionOrderSort2 (0ms)
			AwakeInstancesAfterBackupRestoration (4ms)
Platform modules already initialized, skipping
========================================================================
Worker process is ready to serve import requests
Launched and connected shader compiler UnityShaderCompiler.exe after 0.02 seconds
Refreshing native plugins compatible for Editor in 0.39 ms, found 3 plugins.
Preloading 0 native plugins for Editor in 0.00 ms.
Unloading 3234 Unused Serialized files (Serialized files now loaded: 0)
Unloading 45 unused Assets / (0.6 MB). Loaded Objects now: 3710.
Memory consumption went from 137.7 MB to 137.1 MB.
Total: 2.180900 ms (FindLiveObjects: 0.176200 ms CreateObjectMapping: 0.083500 ms MarkObjects: 1.772500 ms  DeleteObjects: 0.148200 ms)

AssetImportParameters requested are different than current active one (requested -> active):
  custom:video-decoder-ogg-theora: a1e56fd34408186e4bbccfd4996cb3dc -> 
  custom:container-muxer-webm: aa71ff27fc2769a1b78a27578f13a17b -> 
  custom:container-demuxer-webm: 4f35f7cbe854078d1ac9338744f61a02 -> 
  custom:video-encoder-webm-vp8: eb34c28f22e8b96e1ab97ce403110664 -> 
  custom:audio-encoder-webm-vorbis: bf7c407c2cedff20999df2af8eb42d56 -> 
  custom:framework-win-MediaFoundation: 216162199b28c13a410421893ffa2e32 -> 
  custom:container-demuxer-ogg: 62fdf1f143b41e24485cea50d1cbac27 -> 
  custom:video-decoder-webm-vp8: 9c59270c3fd7afecdb556c50c9e8de78 -> 
  custom:audio-decoder-ogg-vorbis: bf7c407c2cedff20999df2af8eb42d56 -> 
========================================================================
Received Import Request.
  Time since last request: 6619.776908 seconds.
  path: Assets
  artifactKey: Guid(00000000000000001000000000000000) Importer(815301076,1909f56bfc062723c751e8b465ee728b)
Start importing Assets using Guid(00000000000000001000000000000000) Importer(815301076,1909f56bfc062723c751e8b465ee728b)  -> (artifact id: '79842766b460edbeab6a34051e857a80') in 0.009950 seconds 
========================================================================
Received Import Request.
  Time since last request: 6.666582 seconds.
  path: Assets/Terrain
  artifactKey: Guid(9761a06d87d33a547bbb1e40c6462abc) Importer(815301076,1909f56bfc062723c751e8b465ee728b)
Start importing Assets/Terrain using Guid(9761a06d87d33a547bbb1e40c6462abc) Importer(815301076,1909f56bfc062723c751e8b465ee728b)  -> (artifact id: 'dfebfd7517a0326fc9ddf542c5dddf36') in 0.007077 seconds 
========================================================================
Received Import Request.
  Time since last request: 0.214149 seconds.
  path: Assets/Terrain/Terrain_0_0_0d508137-45a2-4e2a-a8a7-6a18ab5268cd.asset
  artifactKey: Guid(5cf062406010cd44789b9bd6c48b891f) Importer(815301076,1909f56bfc062723c751e8b465ee728b)
Start importing Assets/Terrain/Terrain_0_0_0d508137-45a2-4e2a-a8a7-6a18ab5268cd.asset using Guid(5cf062406010cd44789b9bd6c48b891f) Importer(815301076,1909f56bfc062723c751e8b465ee728b)  -> (artifact id: '2f4207dd2a308c609771aec86132612a') in 0.027934 seconds 
========================================================================
Received Import Request.
  Time since last request: 0.000023 seconds.
  path: Assets/Terrain/Terrain_0_5_9537a4a8-4a06-4d8a-90d3-ab8b4ce79282.asset
  artifactKey: Guid(e15f1d90673a4cc4994e6073d244c489) Importer(815301076,1909f56bfc062723c751e8b465ee728b)
Start importing Assets/Terrain/Terrain_0_5_9537a4a8-4a06-4d8a-90d3-ab8b4ce79282.asset using Guid(e15f1d90673a4cc4994e6073d244c489) Importer(815301076,1909f56bfc062723c751e8b465ee728b)  -> (artifact id: '9ea865a9fffbb4e991a5c18e735cae1b') in 0.007923 seconds 
========================================================================
Received Import Request.
  Time since last request: 0.000018 seconds.
  path: Assets/Terrain/Terrain_3_3_091889dd-fbf2-4ec5-9ba9-05980b370ed1.asset
  artifactKey: Guid(c7328786f8a9d8e46b0d07186c768bca) Importer(815301076,1909f56bfc062723c751e8b465ee728b)
Start importing Assets/Terrain/Terrain_3_3_091889dd-fbf2-4ec5-9ba9-05980b370ed1.asset using Guid(c7328786f8a9d8e46b0d07186c768bca) Importer(815301076,1909f56bfc062723c751e8b465ee728b)  -> (artifact id: '8eb8fbe9d67f415395622734e27a8c4d') in 0.008030 seconds 
========================================================================
Received Import Request.
  Time since last request: 0.000015 seconds.
  path: Assets/Terrain/Terrain_2_2_792fefbb-fca8-476c-97c4-5d864c3764dd.asset
  artifactKey: Guid(af885a7c4d0c04543ba3834c9d7b0dc3) Importer(815301076,1909f56bfc062723c751e8b465ee728b)
Start importing Assets/Terrain/Terrain_2_2_792fefbb-fca8-476c-97c4-5d864c3764dd.asset using Guid(af885a7c4d0c04543ba3834c9d7b0dc3) Importer(815301076,1909f56bfc062723c751e8b465ee728b)  -> (artifact id: '9ebee914e81b7cda5fb1047ab0285eda') in 0.007759 seconds 
========================================================================
Received Import Request.
  Time since last request: 0.000015 seconds.
  path: Assets/Terrain/Terrain_2_5_84814599-d2aa-4f71-a460-15ac2cf3219b.asset
  artifactKey: Guid(c5c50cbcc8379fe4d9881306cc38fb84) Importer(815301076,1909f56bfc062723c751e8b465ee728b)
Start importing Assets/Terrain/Terrain_2_5_84814599-d2aa-4f71-a460-15ac2cf3219b.asset using Guid(c5c50cbcc8379fe4d9881306cc38fb84) Importer(815301076,1909f56bfc062723c751e8b465ee728b)  -> (artifact id: 'cb5643b7c67cc5a98e3067aa690a80e3') in 0.008024 seconds 
========================================================================
Received Import Request.
  Time since last request: 0.000017 seconds.
  path: Assets/Terrain/Terrain_3_5_90abb25c-18ef-4547-aeb1-ddbf7eae47f4.asset
  artifactKey: Guid(1b0a194409bb3b64cbba53a83f8c57da) Importer(815301076,1909f56bfc062723c751e8b465ee728b)
Start importing Assets/Terrain/Terrain_3_5_90abb25c-18ef-4547-aeb1-ddbf7eae47f4.asset using Guid(1b0a194409bb3b64cbba53a83f8c57da) Importer(815301076,1909f56bfc062723c751e8b465ee728b)  -> (artifact id: '693152c42046064cecf2d6657b9029ff') in 0.008375 seconds 
========================================================================
Received Import Request.
  Time since last request: 0.000021 seconds.
  path: Assets/Terrain/Terrain_1_0_81b69a39-1e92-4acd-96a2-2b2c958b5170.asset
  artifactKey: Guid(10d61cd6e31f5184d8cf6c1f16f31b01) Importer(815301076,1909f56bfc062723c751e8b465ee728b)
Start importing Assets/Terrain/Terrain_1_0_81b69a39-1e92-4acd-96a2-2b2c958b5170.asset using Guid(10d61cd6e31f5184d8cf6c1f16f31b01) Importer(815301076,1909f56bfc062723c751e8b465ee728b)  -> (artifact id: 'e1bf48656676a4a17a89cff0069801b1') in 0.007779 seconds 
========================================================================
Received Import Request.
  Time since last request: 0.000017 seconds.
  path: Assets/Terrain/Terrain_1_7_55ec71f8-536b-421b-b0f7-bc009e4bf74b.asset
  artifactKey: Guid(1de548a170617994695e572ec885effb) Importer(815301076,1909f56bfc062723c751e8b465ee728b)
Start importing Assets/Terrain/Terrain_1_7_55ec71f8-536b-421b-b0f7-bc009e4bf74b.asset using Guid(1de548a170617994695e572ec885effb) Importer(815301076,1909f56bfc062723c751e8b465ee728b)  -> (artifact id: '5524ac80f82e1fdd4005c95b05b9b27a') in 0.008341 seconds 
========================================================================
Received Import Request.
  Time since last request: 0.000016 seconds.
  path: Assets/Terrain/Terrain_1_4_e303fecc-1824-41e1-a7c0-6b93438bcd99.asset
  artifactKey: Guid(ea46b46859dc11842959041e2f0b3017) Importer(815301076,1909f56bfc062723c751e8b465ee728b)
Start importing Assets/Terrain/Terrain_1_4_e303fecc-1824-41e1-a7c0-6b93438bcd99.asset using Guid(ea46b46859dc11842959041e2f0b3017) Importer(815301076,1909f56bfc062723c751e8b465ee728b)  -> (artifact id: 'd28dfa62d0a2d789f88c54d843de3045') in 0.008354 seconds 
========================================================================
Received Import Request.
  Time since last request: 0.000017 seconds.
  path: Assets/Terrain/Terrain_3_4_efc60bd6-ebdc-4602-8a67-2ba4e5f08524.asset
  artifactKey: Guid(f72cecbb524645a489443457fcf96c0f) Importer(815301076,1909f56bfc062723c751e8b465ee728b)
Start importing Assets/Terrain/Terrain_3_4_efc60bd6-ebdc-4602-8a67-2ba4e5f08524.asset using Guid(f72cecbb524645a489443457fcf96c0f) Importer(815301076,1909f56bfc062723c751e8b465ee728b)  -> (artifact id: 'cb2ed2d93fb700762018bdd722f8ac64') in 0.008880 seconds 
========================================================================
Received Import Request.
  Time since last request: 0.000018 seconds.
  path: Assets/Terrain/Terrain_2_6_9aca8e85-4024-422d-a233-7730e50561ce.asset
  artifactKey: Guid(bd2b79fb9ff5875488126e5c1e076f17) Importer(815301076,1909f56bfc062723c751e8b465ee728b)
Start importing Assets/Terrain/Terrain_2_6_9aca8e85-4024-422d-a233-7730e50561ce.asset using Guid(bd2b79fb9ff5875488126e5c1e076f17) Importer(815301076,1909f56bfc062723c751e8b465ee728b)  -> (artifact id: 'dc1bf1a065e2f7e20554d52a15d69bfb') in 0.007495 seconds 
========================================================================
Received Import Request.
  Time since last request: 0.000018 seconds.
  path: Assets/Terrain/Terrain_3_1_6c88567d-281c-4e2a-8708-86721fff8c64.asset
  artifactKey: Guid(ab9144309c58f6e48a47a9c8a19b7285) Importer(815301076,1909f56bfc062723c751e8b465ee728b)
Start importing Assets/Terrain/Terrain_3_1_6c88567d-281c-4e2a-8708-86721fff8c64.asset using Guid(ab9144309c58f6e48a47a9c8a19b7285) Importer(815301076,1909f56bfc062723c751e8b465ee728b)  -> (artifact id: 'e781d7fd81cd5379eeb396d41e571580') in 0.007667 seconds 
========================================================================
Received Import Request.
  Time since last request: 0.000023 seconds.
  path: Assets/Terrain/Terrain_2_3_1ec652c3-a64a-471c-b5c3-cba911cd6057.asset
  artifactKey: Guid(2c09eefc75387244cb62739310aebe8a) Importer(815301076,1909f56bfc062723c751e8b465ee728b)
Start importing Assets/Terrain/Terrain_2_3_1ec652c3-a64a-471c-b5c3-cba911cd6057.asset using Guid(2c09eefc75387244cb62739310aebe8a) Importer(815301076,1909f56bfc062723c751e8b465ee728b)  -> (artifact id: '068cd67a53fa70f54bb15fa0c714e2d3') in 0.006754 seconds 
========================================================================
Received Import Request.
  Time since last request: 0.000024 seconds.
  path: Assets/Terrain/Terrain_0_2_e2c96e79-0dd8-47f6-9fb1-55aa0e5dbd32.asset
  artifactKey: Guid(b5ac328783e6309488bf65a25c6a08c9) Importer(815301076,1909f56bfc062723c751e8b465ee728b)
Start importing Assets/Terrain/Terrain_0_2_e2c96e79-0dd8-47f6-9fb1-55aa0e5dbd32.asset using Guid(b5ac328783e6309488bf65a25c6a08c9) Importer(815301076,1909f56bfc062723c751e8b465ee728b)  -> (artifact id: '723f1758bade1b171f73ae91cdd94f05') in 0.007430 seconds 
========================================================================
Received Import Request.
  Time since last request: 0.000016 seconds.
  path: Assets/Terrain/Terrain_0_3_6ef3381c-1f7a-42db-893b-6e4eccdf030b.asset
  artifactKey: Guid(b690366d40922ca4d894f2b25b14247c) Importer(815301076,1909f56bfc062723c751e8b465ee728b)
Start importing Assets/Terrain/Terrain_0_3_6ef3381c-1f7a-42db-893b-6e4eccdf030b.asset using Guid(b690366d40922ca4d894f2b25b14247c) Importer(815301076,1909f56bfc062723c751e8b465ee728b)  -> (artifact id: '11436927b9a6b14b76535c4ab829da50') in 0.007560 seconds 
Editor requested this worker to shutdown with reason: Scaling down because of idle timeout
AssetImportWorker is now disconnected from the server
Process exiting
Exiting without the bug reporter. Application will terminate with return code 0