Using pre-set license
Built from '2021.3/staging' branch; Version is '2021.3.20f1 (577897200b8b) revision 5732503'; Using compiler version '192829333'; Build Type 'Release'
OS: 'Windows 10  (10.0.18362) 64bit Professional' Language: 'ko' Physical Memory: 16194 MB
BatchMode: 1, IsHumanControllingUs: 0, StartBugReporterOnCrash: 0, Is64bit: 1, IsPro: 1

COMMAND LINE ARGUMENTS:
C:\Program Files\Unity\Hub\Editor\2021.3.20f1\Editor\Unity.exe
-adb2
-batchMode
-noUpm
-name
AssetImportWorker0
-projectPath
C:/Users/SGA/Desktop/Unity_3D/Unity3D/My project
-logFile
Logs/AssetImportWorker0.log
-srvPort
50408
Successfully changed project path to: C:/Users/SGA/Desktop/Unity_3D/Unity3D/My project
C:/Users/SGA/Desktop/Unity_3D/Unity3D/My project
[UnityMemory] Configuration Parameters - Can be set up in boot.config
    "memorysetup-bucket-allocator-granularity=16"
    "memorysetup-bucket-allocator-bucket-count=8"
    "memorysetup-bucket-allocator-block-size=33554432"
    "memorysetup-bucket-allocator-block-count=8"
    "memorysetup-main-allocator-block-size=16777216"
    "memorysetup-thread-allocator-block-size=16777216"
    "memorysetup-gfx-main-allocator-block-size=16777216"
    "memorysetup-gfx-thread-allocator-block-size=16777216"
    "memorysetup-cache-allocator-block-size=4194304"
    "memorysetup-typetree-allocator-block-size=2097152"
    "memorysetup-profiler-bucket-allocator-granularity=16"
    "memorysetup-profiler-bucket-allocator-bucket-count=8"
    "memorysetup-profiler-bucket-allocator-block-size=33554432"
    "memorysetup-profiler-bucket-allocator-block-count=8"
    "memorysetup-profiler-allocator-block-size=16777216"
    "memorysetup-profiler-editor-allocator-block-size=1048576"
    "memorysetup-temp-allocator-size-main=16777216"
    "memorysetup-job-temp-allocator-block-size=2097152"
    "memorysetup-job-temp-allocator-block-size-background=1048576"
    "memorysetup-job-temp-allocator-reduction-small-platforms=262144"
    "memorysetup-temp-allocator-size-background-worker=32768"
    "memorysetup-temp-allocator-size-job-worker=262144"
    "memorysetup-temp-allocator-size-preload-manager=33554432"
    "memorysetup-temp-allocator-size-nav-mesh-worker=65536"
    "memorysetup-temp-allocator-size-audio-worker=65536"
    "memorysetup-temp-allocator-size-cloud-worker=32768"
    "memorysetup-temp-allocator-size-gi-baking-worker=262144"
    "memorysetup-temp-allocator-size-gfx=262144"
Player connection [10984] Host "[IP] 192.168.0.202 [Port] 0 [Flags] 2 [Guid] 878170992 [EditorId] 878170992 [Version] 1048832 [Id] WindowsEditor(7,DESKTOP-HQKDT44) [Debug] 1 [PackageName] WindowsEditor [ProjectName] Editor" joined multi-casting on [225.0.0.222:54997]...

Player connection [10984] Host "[IP] 192.168.0.202 [Port] 0 [Flags] 2 [Guid] 878170992 [EditorId] 878170992 [Version] 1048832 [Id] WindowsEditor(7,DESKTOP-HQKDT44) [Debug] 1 [PackageName] WindowsEditor [ProjectName] Editor" joined alternative multi-casting on [225.0.0.222:34997]...

Refreshing native plugins compatible for Editor in 56.28 ms, found 3 plugins.
Preloading 0 native plugins for Editor in 0.00 ms.
Initialize engine version: 2021.3.20f1 (577897200b8b)
[Subsystems] Discovering subsystems at path C:/Program Files/Unity/Hub/Editor/2021.3.20f1/Editor/Data/Resources/UnitySubsystems
[Subsystems] Discovering subsystems at path C:/Users/SGA/Desktop/Unity_3D/Unity3D/My project/Assets
GfxDevice: creating device client; threaded=0; jobified=0
Direct3D:
    Version:  Direct3D 11.0 [level 11.1]
    Renderer: NVIDIA GeForce GTX 1650 (ID=0x1f82)
    Vendor:   NVIDIA
    VRAM:     3962 MB
    Driver:   31.0.15.1694
Initialize mono
Mono path[0] = 'C:/Program Files/Unity/Hub/Editor/2021.3.20f1/Editor/Data/Managed'
Mono path[1] = 'C:/Program Files/Unity/Hub/Editor/2021.3.20f1/Editor/Data/MonoBleedingEdge/lib/mono/unityjit-win32'
Mono config path = 'C:/Program Files/Unity/Hub/Editor/2021.3.20f1/Editor/Data/MonoBleedingEdge/etc'
Using monoOptions --debugger-agent=transport=dt_socket,embedding=1,server=y,suspend=n,address=127.0.0.1:56516
Begin MonoManager ReloadAssembly
Registering precompiled unity dll's ...
Register platform support module: C:/Program Files/Unity/Hub/Editor/2021.3.20f1/Editor/Data/PlaybackEngines/AndroidPlayer/UnityEditor.Android.Extensions.dll
Register platform support module: C:/Program Files/Unity/Hub/Editor/2021.3.20f1/Editor/Data/PlaybackEngines/WindowsStandaloneSupport/UnityEditor.WindowsStandalone.Extensions.dll
Registered in 0.002260 seconds.
Native extension for WindowsStandalone target not found
Native extension for Android target not found
Android Extension - Scanning For ADB Devices 119 ms
Refreshing native plugins compatible for Editor in 60.18 ms, found 3 plugins.
Preloading 0 native plugins for Editor in 0.00 ms.
Mono: successfully reloaded assembly
- Completed reload, in  0.541 seconds
Domain Reload Profiling:
	ReloadAssembly (541ms)
		BeginReloadAssembly (52ms)
			ExecutionOrderSort (0ms)
			DisableScriptedObjects (0ms)
			BackupInstance (0ms)
			ReleaseScriptingObjects (0ms)
			CreateAndSetChildDomain (1ms)
		EndReloadAssembly (428ms)
			LoadAssemblies (51ms)
			RebuildTransferFunctionScriptingTraits (0ms)
			SetupTypeCache (70ms)
			ReleaseScriptCaches (0ms)
			RebuildScriptCaches (18ms)
			SetupLoadedEditorAssemblies (308ms)
				LogAssemblyErrors (0ms)
				InitializePlatformSupportModulesInManaged (163ms)
				SetLoadedEditorAssemblies (0ms)
				RefreshPlugins (60ms)
				BeforeProcessingInitializeOnLoad (1ms)
				ProcessInitializeOnLoadAttributes (57ms)
				ProcessInitializeOnLoadMethodAttributes (27ms)
				AfterProcessingInitializeOnLoad (0ms)
				EditorAssembliesLoaded (0ms)
			ExecutionOrderSort2 (0ms)
			AwakeInstancesAfterBackupRestoration (0ms)
Platform modules already initialized, skipping
Registering precompiled user dll's ...
Registered in 0.002238 seconds.
Begin MonoManager ReloadAssembly
Symbol file LoadedFromMemory doesn't match image C:\Users\SGA\Desktop\Unity_3D\Unity3D\My project\Library\PackageCache\com.unity.visualscripting@1.8.0\Editor\VisualScripting.Core\Dependencies\YamlDotNet\Unity.VisualScripting.YamlDotNet.dll
Symbol file LoadedFromMemory doesn't match image C:\Users\SGA\Desktop\Unity_3D\Unity3D\My project\Library\PackageCache\com.unity.visualscripting@1.8.0\Editor\VisualScripting.Core\Dependencies\DotNetZip\Unity.VisualScripting.IonicZip.dll
Native extension for WindowsStandalone target not found
Native extension for Android target not found
Refreshing native plugins compatible for Editor in 58.21 ms, found 3 plugins.
Preloading 0 native plugins for Editor in 0.00 ms.
Mono: successfully reloaded assembly
- Completed reload, in  0.762 seconds
Domain Reload Profiling:
	ReloadAssembly (763ms)
		BeginReloadAssembly (75ms)
			ExecutionOrderSort (0ms)
			DisableScriptedObjects (4ms)
			BackupInstance (0ms)
			ReleaseScriptingObjects (0ms)
			CreateAndSetChildDomain (13ms)
		EndReloadAssembly (618ms)
			LoadAssemblies (54ms)
			RebuildTransferFunctionScriptingTraits (0ms)
			SetupTypeCache (174ms)
			ReleaseScriptCaches (0ms)
			RebuildScriptCaches (33ms)
			SetupLoadedEditorAssemblies (328ms)
				LogAssemblyErrors (0ms)
				InitializePlatformSupportModulesInManaged (11ms)
				SetLoadedEditorAssemblies (0ms)
				RefreshPlugins (58ms)
				BeforeProcessingInitializeOnLoad (57ms)
				ProcessInitializeOnLoadAttributes (185ms)
				ProcessInitializeOnLoadMethodAttributes (14ms)
				AfterProcessingInitializeOnLoad (3ms)
				EditorAssembliesLoaded (0ms)
			ExecutionOrderSort2 (0ms)
			AwakeInstancesAfterBackupRestoration (4ms)
Platform modules already initialized, skipping
========================================================================
Worker process is ready to serve import requests
Launched and connected shader compiler UnityShaderCompiler.exe after 0.02 seconds
Refreshing native plugins compatible for Editor in 0.44 ms, found 3 plugins.
Preloading 0 native plugins for Editor in 0.00 ms.
Unloading 3234 Unused Serialized files (Serialized files now loaded: 0)
Unloading 45 unused Assets / (0.6 MB). Loaded Objects now: 3729.
Memory consumption went from 140.8 MB to 140.2 MB.
Total: 2.267600 ms (FindLiveObjects: 0.179100 ms CreateObjectMapping: 0.099500 ms MarkObjects: 1.805700 ms  DeleteObjects: 0.182400 ms)

AssetImportParameters requested are different than current active one (requested -> active):
  custom:video-decoder-ogg-theora: a1e56fd34408186e4bbccfd4996cb3dc -> 
  custom:container-muxer-webm: aa71ff27fc2769a1b78a27578f13a17b -> 
  custom:container-demuxer-webm: 4f35f7cbe854078d1ac9338744f61a02 -> 
  custom:video-encoder-webm-vp8: eb34c28f22e8b96e1ab97ce403110664 -> 
  custom:audio-encoder-webm-vorbis: bf7c407c2cedff20999df2af8eb42d56 -> 
  custom:framework-win-MediaFoundation: 216162199b28c13a410421893ffa2e32 -> 
  custom:container-demuxer-ogg: 62fdf1f143b41e24485cea50d1cbac27 -> 
  custom:video-decoder-webm-vp8: 9c59270c3fd7afecdb556c50c9e8de78 -> 
  custom:audio-decoder-ogg-vorbis: bf7c407c2cedff20999df2af8eb42d56 -> 
========================================================================
Received Import Request.
  Time since last request: 2183.653466 seconds.
  path: Assets/RoofTop_SafeHouse/Barrels/B1/Burnt_wood.png
  artifactKey: Guid(d6a5d4bfb62d5a04488eece051dd2c2c) Importer(815301076,1909f56bfc062723c751e8b465ee728b)
Start importing Assets/RoofTop_SafeHouse/Barrels/B1/Burnt_wood.png using Guid(d6a5d4bfb62d5a04488eece051dd2c2c) Importer(815301076,1909f56bfc062723c751e8b465ee728b)  -> (artifact id: 'b9156f778e098254ba48ac846c51b353') in 0.052767 seconds 
========================================================================
Received Import Request.
  Time since last request: 0.000021 seconds.
  path: Assets/RoofTop_SafeHouse/Barrels/B1/Barrel_NORM.png
  artifactKey: Guid(658331dbef4088a49a5bb5e86c3d8df8) Importer(815301076,1909f56bfc062723c751e8b465ee728b)
Start importing Assets/RoofTop_SafeHouse/Barrels/B1/Barrel_NORM.png using Guid(658331dbef4088a49a5bb5e86c3d8df8) Importer(815301076,1909f56bfc062723c751e8b465ee728b)  -> (artifact id: '0f0cd648350f1ff3067e07c3bde5753b') in 0.029815 seconds 
========================================================================
Received Import Request.
  Time since last request: 0.000031 seconds.
  path: Assets/RoofTop_SafeHouse/Barrels/B1/Barrel.png
  artifactKey: Guid(07f3d77602297094a895bc40c5b1cb93) Importer(815301076,1909f56bfc062723c751e8b465ee728b)
Start importing Assets/RoofTop_SafeHouse/Barrels/B1/Barrel.png using Guid(07f3d77602297094a895bc40c5b1cb93) Importer(815301076,1909f56bfc062723c751e8b465ee728b)  -> (artifact id: '328e425384bf1d846fd36e48dac9f5f8') in 0.009410 seconds 
========================================================================
Received Import Request.
  Time since last request: 0.000014 seconds.
  path: Assets/RoofTop_SafeHouse/Barrels
  artifactKey: Guid(df4733ec93b028d4ea07fd3652cf0410) Importer(815301076,1909f56bfc062723c751e8b465ee728b)
Start importing Assets/RoofTop_SafeHouse/Barrels using Guid(df4733ec93b028d4ea07fd3652cf0410) Importer(815301076,1909f56bfc062723c751e8b465ee728b)  -> (artifact id: '07d21c4822822d0d120dffe64f3c44b3') in 0.005613 seconds 
========================================================================
Received Import Request.
  Time since last request: 0.000016 seconds.
  path: Assets/RoofTop_SafeHouse/Barrels/B1/Burnt.tif
  artifactKey: Guid(5d56f2d263e5cd84c8ddd2fd3e91a2ed) Importer(815301076,1909f56bfc062723c751e8b465ee728b)
Start importing Assets/RoofTop_SafeHouse/Barrels/B1/Burnt.tif using Guid(5d56f2d263e5cd84c8ddd2fd3e91a2ed) Importer(815301076,1909f56bfc062723c751e8b465ee728b)  -> (artifact id: 'acbb332fa55f33efe24f8117e80bc155') in 0.020151 seconds 
========================================================================
Received Import Request.
  Time since last request: 0.000015 seconds.
  path: Assets/RoofTop_SafeHouse/Barrels/B1/Barrel_DISP.png
  artifactKey: Guid(3acb1344df0a7ea48a70a1f5f56ee2c7) Importer(815301076,1909f56bfc062723c751e8b465ee728b)
Start importing Assets/RoofTop_SafeHouse/Barrels/B1/Barrel_DISP.png using Guid(3acb1344df0a7ea48a70a1f5f56ee2c7) Importer(815301076,1909f56bfc062723c751e8b465ee728b)  -> (artifact id: 'c6964d50674219673b48a842af9a32a8') in 0.009969 seconds 
========================================================================
Received Import Request.
  Time since last request: 0.000017 seconds.
  path: Assets/RoofTop_SafeHouse/Barrels/B1.fbx
  artifactKey: Guid(bc4ac9b6907c1eb41b2e67f39dc00a97) Importer(815301076,1909f56bfc062723c751e8b465ee728b)
Start importing Assets/RoofTop_SafeHouse/Barrels/B1.fbx using Guid(bc4ac9b6907c1eb41b2e67f39dc00a97) Importer(815301076,1909f56bfc062723c751e8b465ee728b)  -> (artifact id: '259c0eeebcbfc59190432f05dbe78f3e') in 0.078275 seconds 
========================================================================
Received Import Request.
  Time since last request: 9.477683 seconds.
  path: Assets/RoofTop_SafeHouse/Prefab/Bandages.prefab
  artifactKey: Guid(83890bfa20f8ff54b94d33b37cfb4efa) Importer(815301076,1909f56bfc062723c751e8b465ee728b)
Start importing Assets/RoofTop_SafeHouse/Prefab/Bandages.prefab using Guid(83890bfa20f8ff54b94d33b37cfb4efa) Importer(815301076,1909f56bfc062723c751e8b465ee728b)  -> (artifact id: 'ea4bd917956c96bb748b532b117b6cff') in 0.157806 seconds 
========================================================================
Received Import Request.
  Time since last request: 0.000019 seconds.
  path: Assets/RoofTop_SafeHouse/Prefab/Ladder (1).prefab
  artifactKey: Guid(2bfb1b157c1a7e945b0fcc9fc6ca29ae) Importer(815301076,1909f56bfc062723c751e8b465ee728b)
Start importing Assets/RoofTop_SafeHouse/Prefab/Ladder (1).prefab using Guid(2bfb1b157c1a7e945b0fcc9fc6ca29ae) Importer(815301076,1909f56bfc062723c751e8b465ee728b)  -> (artifact id: 'e9b21544a56939ca0d08d2d5229a6577') in 0.015976 seconds 
========================================================================
Received Import Request.
  Time since last request: 0.000021 seconds.
  path: Assets/RoofTop_SafeHouse/Prefab/Bed.prefab
  artifactKey: Guid(8a4bf7b1a427ef24c9504cfb227666dd) Importer(815301076,1909f56bfc062723c751e8b465ee728b)
Start importing Assets/RoofTop_SafeHouse/Prefab/Bed.prefab using Guid(8a4bf7b1a427ef24c9504cfb227666dd) Importer(815301076,1909f56bfc062723c751e8b465ee728b)  -> (artifact id: 'bbe4bd1e07714452aa893d4090ce5fa8') in 0.073673 seconds 
========================================================================
Received Import Request.
  Time since last request: 0.000021 seconds.
  path: Assets/RoofTop_SafeHouse/Prefab/Blood_Drip.prefab
  artifactKey: Guid(34f8e544e6b884b4da105d54d9a56131) Importer(815301076,1909f56bfc062723c751e8b465ee728b)
Start importing Assets/RoofTop_SafeHouse/Prefab/Blood_Drip.prefab using Guid(34f8e544e6b884b4da105d54d9a56131) Importer(815301076,1909f56bfc062723c751e8b465ee728b)  -> (artifact id: '57bf269940de1e5c1c779e880df4d49d') in 0.012279 seconds 
========================================================================
Received Import Request.
  Time since last request: 0.000019 seconds.
  path: Assets/RoofTop_SafeHouse/Prefab/Can2.prefab
  artifactKey: Guid(5d9d00ea9d2364644a1732d83ec6e718) Importer(815301076,1909f56bfc062723c751e8b465ee728b)
Start importing Assets/RoofTop_SafeHouse/Prefab/Can2.prefab using Guid(5d9d00ea9d2364644a1732d83ec6e718) Importer(815301076,1909f56bfc062723c751e8b465ee728b)  -> (artifact id: '948e469aa1a91ecdd88e7562868e4b37') in 0.013980 seconds 
========================================================================
Received Import Request.
  Time since last request: 0.000015 seconds.
  path: Assets/RoofTop_SafeHouse/Prefab/Fence 1.prefab
  artifactKey: Guid(6ef5c6b9544c6044fb07840d43cff7d9) Importer(815301076,1909f56bfc062723c751e8b465ee728b)
Start importing Assets/RoofTop_SafeHouse/Prefab/Fence 1.prefab using Guid(6ef5c6b9544c6044fb07840d43cff7d9) Importer(815301076,1909f56bfc062723c751e8b465ee728b)  -> (artifact id: '6806bfb33be5cfce70b4da42a9db2e98') in 0.197330 seconds 
========================================================================
Received Import Request.
  Time since last request: 0.000023 seconds.
  path: Assets/RoofTop_SafeHouse/Prefab/Gas.prefab
  artifactKey: Guid(e99ede886b0f9104d9df7cb1cb333361) Importer(815301076,1909f56bfc062723c751e8b465ee728b)
Start importing Assets/RoofTop_SafeHouse/Prefab/Gas.prefab using Guid(e99ede886b0f9104d9df7cb1cb333361) Importer(815301076,1909f56bfc062723c751e8b465ee728b)  -> (artifact id: '700ca7755bb40c2c62ed3e7e13fc3439') in 0.171520 seconds 
========================================================================
Received Import Request.
  Time since last request: 0.000029 seconds.
  path: Assets/RoofTop_SafeHouse/Prefab/Barrel_BY1.prefab
  artifactKey: Guid(bd4a508b5a8a8e64996eced96629c12b) Importer(815301076,1909f56bfc062723c751e8b465ee728b)
Start importing Assets/RoofTop_SafeHouse/Prefab/Barrel_BY1.prefab using Guid(bd4a508b5a8a8e64996eced96629c12b) Importer(815301076,1909f56bfc062723c751e8b465ee728b)  -> (artifact id: 'af0067909233b7956a0bebbe0ea4b3ed') in 0.011100 seconds 
========================================================================
Received Import Request.
  Time since last request: 0.337674 seconds.
  path: Assets/RoofTop_SafeHouse/Prefab/MT (1).prefab
  artifactKey: Guid(933137db636a66645a63cb7f040759a7) Importer(815301076,1909f56bfc062723c751e8b465ee728b)
Start importing Assets/RoofTop_SafeHouse/Prefab/MT (1).prefab using Guid(933137db636a66645a63cb7f040759a7) Importer(815301076,1909f56bfc062723c751e8b465ee728b)  -> (artifact id: 'cdad95c6eb717d84a9dc533454b40ed7') in 0.036101 seconds 
========================================================================
Received Import Request.
  Time since last request: 0.000027 seconds.
  path: Assets/RoofTop_SafeHouse/Prefab/Plank.prefab
  artifactKey: Guid(3ba2acaeb7d530d48ba56d75dd92acc3) Importer(815301076,1909f56bfc062723c751e8b465ee728b)
Start importing Assets/RoofTop_SafeHouse/Prefab/Plank.prefab using Guid(3ba2acaeb7d530d48ba56d75dd92acc3) Importer(815301076,1909f56bfc062723c751e8b465ee728b)  -> (artifact id: 'cf0ae8f82a5dc576a1a1c2f6ff005e11') in 0.011959 seconds 
========================================================================
Received Import Request.
  Time since last request: 0.000020 seconds.
  path: Assets/RoofTop_SafeHouse/Prefab/Safe_here.prefab
  artifactKey: Guid(df3ef93bd1f217b4da94f9d649229885) Importer(815301076,1909f56bfc062723c751e8b465ee728b)
Start importing Assets/RoofTop_SafeHouse/Prefab/Safe_here.prefab using Guid(df3ef93bd1f217b4da94f9d649229885) Importer(815301076,1909f56bfc062723c751e8b465ee728b)  -> (artifact id: 'b9bf594e4823e94c4a882642d0549504') in 0.029153 seconds 
========================================================================
Received Import Request.
  Time since last request: 0.000023 seconds.
  path: Assets/RoofTop_SafeHouse/Prefab/Table.prefab
  artifactKey: Guid(797dcb62178fd864483327ca58505345) Importer(815301076,1909f56bfc062723c751e8b465ee728b)
Start importing Assets/RoofTop_SafeHouse/Prefab/Table.prefab using Guid(797dcb62178fd864483327ca58505345) Importer(815301076,1909f56bfc062723c751e8b465ee728b)  -> (artifact id: 'c22fa27c18c6b4c43cc93a94b87b6fd3') in 0.009272 seconds 
========================================================================
Received Import Request.
  Time since last request: 0.000017 seconds.
  path: Assets/RoofTop_SafeHouse/Prefab/Waste.prefab
  artifactKey: Guid(9f41859e7d97ad643b9286cb92e39ec0) Importer(815301076,1909f56bfc062723c751e8b465ee728b)
Start importing Assets/RoofTop_SafeHouse/Prefab/Waste.prefab using Guid(9f41859e7d97ad643b9286cb92e39ec0) Importer(815301076,1909f56bfc062723c751e8b465ee728b)  -> (artifact id: 'e32a45736391abb24b51120a68cfd5c7') in 0.011459 seconds 
