Using pre-set license
Built from '2021.3/staging' branch; Version is '2021.3.20f1 (577897200b8b) revision 5732503'; Using compiler version '192829333'; Build Type 'Release'
OS: 'Windows 10  (10.0.18362) 64bit Professional' Language: 'ko' Physical Memory: 16194 MB
BatchMode: 1, IsHumanControllingUs: 0, StartBugReporterOnCrash: 0, Is64bit: 1, IsPro: 1

COMMAND LINE ARGUMENTS:
C:\Program Files\Unity\Hub\Editor\2021.3.20f1\Editor\Unity.exe
-adb2
-batchMode
-noUpm
-name
AssetImportWorker4
-projectPath
C:/Users/SGA/Desktop/Unity_3D/Unity3D/My project
-logFile
Logs/AssetImportWorker4.log
-srvPort
50479
Successfully changed project path to: C:/Users/SGA/Desktop/Unity_3D/Unity3D/My project
C:/Users/SGA/Desktop/Unity_3D/Unity3D/My project
[UnityMemory] Configuration Parameters - Can be set up in boot.config
    "memorysetup-bucket-allocator-granularity=16"
    "memorysetup-bucket-allocator-bucket-count=8"
    "memorysetup-bucket-allocator-block-size=33554432"
    "memorysetup-bucket-allocator-block-count=8"
    "memorysetup-main-allocator-block-size=16777216"
    "memorysetup-thread-allocator-block-size=16777216"
    "memorysetup-gfx-main-allocator-block-size=16777216"
    "memorysetup-gfx-thread-allocator-block-size=16777216"
    "memorysetup-cache-allocator-block-size=4194304"
    "memorysetup-typetree-allocator-block-size=2097152"
    "memorysetup-profiler-bucket-allocator-granularity=16"
    "memorysetup-profiler-bucket-allocator-bucket-count=8"
    "memorysetup-profiler-bucket-allocator-block-size=33554432"
    "memorysetup-profiler-bucket-allocator-block-count=8"
    "memorysetup-profiler-allocator-block-size=16777216"
    "memorysetup-profiler-editor-allocator-block-size=1048576"
    "memorysetup-temp-allocator-size-main=16777216"
    "memorysetup-job-temp-allocator-block-size=2097152"
    "memorysetup-job-temp-allocator-block-size-background=1048576"
    "memorysetup-job-temp-allocator-reduction-small-platforms=262144"
    "memorysetup-temp-allocator-size-background-worker=32768"
    "memorysetup-temp-allocator-size-job-worker=262144"
    "memorysetup-temp-allocator-size-preload-manager=33554432"
    "memorysetup-temp-allocator-size-nav-mesh-worker=65536"
    "memorysetup-temp-allocator-size-audio-worker=65536"
    "memorysetup-temp-allocator-size-cloud-worker=32768"
    "memorysetup-temp-allocator-size-gi-baking-worker=262144"
    "memorysetup-temp-allocator-size-gfx=262144"
Player connection [1400] Host "[IP] 192.168.0.202 [Port] 0 [Flags] 2 [Guid] 3426848393 [EditorId] 3426848393 [Version] 1048832 [Id] WindowsEditor(7,DESKTOP-HQKDT44) [Debug] 1 [PackageName] WindowsEditor [ProjectName] Editor" joined multi-casting on [225.0.0.222:54997]...

Player connection [1400] Host "[IP] 192.168.0.202 [Port] 0 [Flags] 2 [Guid] 3426848393 [EditorId] 3426848393 [Version] 1048832 [Id] WindowsEditor(7,DESKTOP-HQKDT44) [Debug] 1 [PackageName] WindowsEditor [ProjectName] Editor" joined alternative multi-casting on [225.0.0.222:34997]...

Refreshing native plugins compatible for Editor in 67.02 ms, found 3 plugins.
Preloading 0 native plugins for Editor in 0.00 ms.
Initialize engine version: 2021.3.20f1 (577897200b8b)
[Subsystems] Discovering subsystems at path C:/Program Files/Unity/Hub/Editor/2021.3.20f1/Editor/Data/Resources/UnitySubsystems
[Subsystems] Discovering subsystems at path C:/Users/SGA/Desktop/Unity_3D/Unity3D/My project/Assets
GfxDevice: creating device client; threaded=0; jobified=0
Direct3D:
    Version:  Direct3D 11.0 [level 11.1]
    Renderer: NVIDIA GeForce GTX 1650 (ID=0x1f82)
    Vendor:   NVIDIA
    VRAM:     3962 MB
    Driver:   31.0.15.1694
Initialize mono
Mono path[0] = 'C:/Program Files/Unity/Hub/Editor/2021.3.20f1/Editor/Data/Managed'
Mono path[1] = 'C:/Program Files/Unity/Hub/Editor/2021.3.20f1/Editor/Data/MonoBleedingEdge/lib/mono/unityjit-win32'
Mono config path = 'C:/Program Files/Unity/Hub/Editor/2021.3.20f1/Editor/Data/MonoBleedingEdge/etc'
Using monoOptions --debugger-agent=transport=dt_socket,embedding=1,server=y,suspend=n,address=127.0.0.1:56984
Begin MonoManager ReloadAssembly
Registering precompiled unity dll's ...
Register platform support module: C:/Program Files/Unity/Hub/Editor/2021.3.20f1/Editor/Data/PlaybackEngines/AndroidPlayer/UnityEditor.Android.Extensions.dll
Register platform support module: C:/Program Files/Unity/Hub/Editor/2021.3.20f1/Editor/Data/PlaybackEngines/WindowsStandaloneSupport/UnityEditor.WindowsStandalone.Extensions.dll
Registered in 0.002190 seconds.
Native extension for WindowsStandalone target not found
Native extension for Android target not found
Android Extension - Scanning For ADB Devices 124 ms
Refreshing native plugins compatible for Editor in 58.22 ms, found 3 plugins.
Preloading 0 native plugins for Editor in 0.00 ms.
Mono: successfully reloaded assembly
- Completed reload, in  0.532 seconds
Domain Reload Profiling:
	ReloadAssembly (532ms)
		BeginReloadAssembly (54ms)
			ExecutionOrderSort (0ms)
			DisableScriptedObjects (0ms)
			BackupInstance (0ms)
			ReleaseScriptingObjects (0ms)
			CreateAndSetChildDomain (1ms)
		EndReloadAssembly (420ms)
			LoadAssemblies (53ms)
			RebuildTransferFunctionScriptingTraits (0ms)
			SetupTypeCache (66ms)
			ReleaseScriptCaches (0ms)
			RebuildScriptCaches (18ms)
			SetupLoadedEditorAssemblies (305ms)
				LogAssemblyErrors (0ms)
				InitializePlatformSupportModulesInManaged (166ms)
				SetLoadedEditorAssemblies (0ms)
				RefreshPlugins (58ms)
				BeforeProcessingInitializeOnLoad (1ms)
				ProcessInitializeOnLoadAttributes (55ms)
				ProcessInitializeOnLoadMethodAttributes (25ms)
				AfterProcessingInitializeOnLoad (0ms)
				EditorAssembliesLoaded (0ms)
			ExecutionOrderSort2 (0ms)
			AwakeInstancesAfterBackupRestoration (0ms)
Platform modules already initialized, skipping
Registering precompiled user dll's ...
Registered in 0.002165 seconds.
Begin MonoManager ReloadAssembly
Symbol file LoadedFromMemory doesn't match image C:\Users\SGA\Desktop\Unity_3D\Unity3D\My project\Library\PackageCache\com.unity.visualscripting@1.8.0\Editor\VisualScripting.Core\Dependencies\YamlDotNet\Unity.VisualScripting.YamlDotNet.dll
Symbol file LoadedFromMemory doesn't match image C:\Users\SGA\Desktop\Unity_3D\Unity3D\My project\Library\PackageCache\com.unity.visualscripting@1.8.0\Editor\VisualScripting.Core\Dependencies\DotNetZip\Unity.VisualScripting.IonicZip.dll
Native extension for WindowsStandalone target not found
Native extension for Android target not found
Refreshing native plugins compatible for Editor in 55.19 ms, found 3 plugins.
Preloading 0 native plugins for Editor in 0.00 ms.
Mono: successfully reloaded assembly
- Completed reload, in  0.728 seconds
Domain Reload Profiling:
	ReloadAssembly (729ms)
		BeginReloadAssembly (74ms)
			ExecutionOrderSort (0ms)
			DisableScriptedObjects (4ms)
			BackupInstance (0ms)
			ReleaseScriptingObjects (0ms)
			CreateAndSetChildDomain (13ms)
		EndReloadAssembly (585ms)
			LoadAssemblies (54ms)
			RebuildTransferFunctionScriptingTraits (0ms)
			SetupTypeCache (158ms)
			ReleaseScriptCaches (0ms)
			RebuildScriptCaches (30ms)
			SetupLoadedEditorAssemblies (319ms)
				LogAssemblyErrors (0ms)
				InitializePlatformSupportModulesInManaged (10ms)
				SetLoadedEditorAssemblies (0ms)
				RefreshPlugins (55ms)
				BeforeProcessingInitializeOnLoad (50ms)
				ProcessInitializeOnLoadAttributes (189ms)
				ProcessInitializeOnLoadMethodAttributes (11ms)
				AfterProcessingInitializeOnLoad (3ms)
				EditorAssembliesLoaded (0ms)
			ExecutionOrderSort2 (0ms)
			AwakeInstancesAfterBackupRestoration (4ms)
Platform modules already initialized, skipping
========================================================================
Worker process is ready to serve import requests
Launched and connected shader compiler UnityShaderCompiler.exe after 0.02 seconds
Refreshing native plugins compatible for Editor in 0.44 ms, found 3 plugins.
Preloading 0 native plugins for Editor in 0.00 ms.
Unloading 3234 Unused Serialized files (Serialized files now loaded: 0)
Unloading 45 unused Assets / (0.6 MB). Loaded Objects now: 3734.
Memory consumption went from 142.2 MB to 141.6 MB.
Total: 2.096400 ms (FindLiveObjects: 0.167400 ms CreateObjectMapping: 0.077700 ms MarkObjects: 1.699700 ms  DeleteObjects: 0.151000 ms)

AssetImportParameters requested are different than current active one (requested -> active):
  custom:video-decoder-ogg-theora: a1e56fd34408186e4bbccfd4996cb3dc -> 
  custom:container-muxer-webm: aa71ff27fc2769a1b78a27578f13a17b -> 
  custom:container-demuxer-webm: 4f35f7cbe854078d1ac9338744f61a02 -> 
  custom:video-encoder-webm-vp8: eb34c28f22e8b96e1ab97ce403110664 -> 
  custom:audio-encoder-webm-vorbis: bf7c407c2cedff20999df2af8eb42d56 -> 
  custom:framework-win-MediaFoundation: 216162199b28c13a410421893ffa2e32 -> 
  custom:container-demuxer-ogg: 62fdf1f143b41e24485cea50d1cbac27 -> 
  custom:video-decoder-webm-vp8: 9c59270c3fd7afecdb556c50c9e8de78 -> 
  custom:audio-decoder-ogg-vorbis: bf7c407c2cedff20999df2af8eb42d56 -> 
========================================================================
Received Import Request.
  Time since last request: 3259.781991 seconds.
  path: Assets/YughuesFreeBushes2018/Prefabs/P_Bush01.prefab
  artifactKey: Guid(8109e9e16ba4cc04b8e0928aea897927) Importer(815301076,1909f56bfc062723c751e8b465ee728b)
Start importing Assets/YughuesFreeBushes2018/Prefabs/P_Bush01.prefab using Guid(8109e9e16ba4cc04b8e0928aea897927) Importer(815301076,1909f56bfc062723c751e8b465ee728b)  -> (artifact id: '44994ed5c6a0a1277359a2bb3b63c8ed') in 0.134540 seconds 
========================================================================
Received Import Request.
  Time since last request: 0.987992 seconds.
  path: Assets/YughuesFreeBushes2018/Textures/T_Bush01_ao.tga
  artifactKey: Guid(380b04d9a2f3007438f6937306ba8158) Importer(815301076,1909f56bfc062723c751e8b465ee728b)
Start importing Assets/YughuesFreeBushes2018/Textures/T_Bush01_ao.tga using Guid(380b04d9a2f3007438f6937306ba8158) Importer(815301076,1909f56bfc062723c751e8b465ee728b)  -> (artifact id: 'beff6297f9cb4bbf8cb3be2ee52ea1e6') in 0.023358 seconds 
========================================================================
Received Import Request.
  Time since last request: 0.000024 seconds.
  path: Assets/YughuesFreeBushes2018/Textures/T_Bush05_ao.tga
  artifactKey: Guid(0d0dc078d5df69540bf846e62e1e490b) Importer(815301076,1909f56bfc062723c751e8b465ee728b)
Start importing Assets/YughuesFreeBushes2018/Textures/T_Bush05_ao.tga using Guid(0d0dc078d5df69540bf846e62e1e490b) Importer(815301076,1909f56bfc062723c751e8b465ee728b)  -> (artifact id: 'dbf2ebe518995c36c46ef620d7d863f4') in 0.014822 seconds 
========================================================================
Received Import Request.
  Time since last request: 0.000025 seconds.
  path: Assets/YughuesFreeBushes2018/Textures/T_Bush03_d.tga
  artifactKey: Guid(41a43a35ca2c3cf42867fe4f2326da33) Importer(815301076,1909f56bfc062723c751e8b465ee728b)
Start importing Assets/YughuesFreeBushes2018/Textures/T_Bush03_d.tga using Guid(41a43a35ca2c3cf42867fe4f2326da33) Importer(815301076,1909f56bfc062723c751e8b465ee728b)  -> (artifact id: 'a8f17b62b0b0a3220ff84a6db25deaa0') in 0.019939 seconds 
========================================================================
Received Import Request.
  Time since last request: 0.000019 seconds.
  path: Assets/YughuesFreeBushes2018/Textures/T_Bush02_n.tga
  artifactKey: Guid(11821533c3f1535419549afbeccb9bff) Importer(815301076,1909f56bfc062723c751e8b465ee728b)
Start importing Assets/YughuesFreeBushes2018/Textures/T_Bush02_n.tga using Guid(11821533c3f1535419549afbeccb9bff) Importer(815301076,1909f56bfc062723c751e8b465ee728b)  -> (artifact id: 'fdbd80b7a821c9d773301209e16cb869') in 0.024488 seconds 
========================================================================
Received Import Request.
  Time since last request: 0.000023 seconds.
  path: Assets/YughuesFreeBushes2018/Textures/T_Bush04_n.tga
  artifactKey: Guid(fd90dc93bb966f343bcf6302c2c8c0b5) Importer(815301076,1909f56bfc062723c751e8b465ee728b)
Start importing Assets/YughuesFreeBushes2018/Textures/T_Bush04_n.tga using Guid(fd90dc93bb966f343bcf6302c2c8c0b5) Importer(815301076,1909f56bfc062723c751e8b465ee728b)  -> (artifact id: '65b5f0d12682f1a5254b188f6eadc786') in 0.024518 seconds 
========================================================================
Received Import Request.
  Time since last request: 0.000021 seconds.
  path: Assets/YughuesFreeBushes2018/Textures/T_Bush05_s.tga
  artifactKey: Guid(aa68df921e660f847a4213639930a582) Importer(815301076,1909f56bfc062723c751e8b465ee728b)
Start importing Assets/YughuesFreeBushes2018/Textures/T_Bush05_s.tga using Guid(aa68df921e660f847a4213639930a582) Importer(815301076,1909f56bfc062723c751e8b465ee728b)  -> (artifact id: '573eac3d27c4150b7c43bde41074264a') in 0.014342 seconds 
========================================================================
Received Import Request.
  Time since last request: 0.719677 seconds.
  path: Assets/YughuesFreeBushes2018/Meshes/Bush01.FBX
  artifactKey: Guid(c93a5fb30f5956343a31433f79f362af) Importer(815301076,1909f56bfc062723c751e8b465ee728b)
Start importing Assets/YughuesFreeBushes2018/Meshes/Bush01.FBX using Guid(c93a5fb30f5956343a31433f79f362af) Importer(815301076,1909f56bfc062723c751e8b465ee728b)  -> (artifact id: '97524daf9fd8748ffa7bdc56dbedf26b') in 0.068652 seconds 
========================================================================
Received Import Request.
  Time since last request: 0.000016 seconds.
  path: Assets/YughuesFreeBushes2018/Meshes/Bush04.FBX
  artifactKey: Guid(8f2212efada33cd4f929c4ca2c0162d8) Importer(815301076,1909f56bfc062723c751e8b465ee728b)
Start importing Assets/YughuesFreeBushes2018/Meshes/Bush04.FBX using Guid(8f2212efada33cd4f929c4ca2c0162d8) Importer(815301076,1909f56bfc062723c751e8b465ee728b)  -> (artifact id: '74ad821db7c44628fb7dac24c654c1a9') in 0.085002 seconds 
========================================================================
Received Import Request.
  Time since last request: 0.566037 seconds.
  path: Assets/YughuesFreeBushes2018/Materials/M_Bush01.mat
  artifactKey: Guid(3bae03ff15e9f0749abaf52aaf5d1bff) Importer(815301076,1909f56bfc062723c751e8b465ee728b)
Start importing Assets/YughuesFreeBushes2018/Materials/M_Bush01.mat using Guid(3bae03ff15e9f0749abaf52aaf5d1bff) Importer(815301076,1909f56bfc062723c751e8b465ee728b)  -> (artifact id: '061cabdfbf4b86ef3caec48e128f8db5') in 0.054157 seconds 
========================================================================
Received Import Request.
  Time since last request: 13.797274 seconds.
  path: Assets/GrassFlowers/Textures/Ground/Grass01_BigUV.png
  artifactKey: Guid(38bb15d6b378aff46b461e248592d1da) Importer(815301076,1909f56bfc062723c751e8b465ee728b)
Start importing Assets/GrassFlowers/Textures/Ground/Grass01_BigUV.png using Guid(38bb15d6b378aff46b461e248592d1da) Importer(815301076,1909f56bfc062723c751e8b465ee728b)  -> (artifact id: '37f3dfee1bbbf790e5080fb1ddfed918') in 0.066595 seconds 
========================================================================
Received Import Request.
  Time since last request: 274.385986 seconds.
  path: Assets/ApocalypticBuildings/DirtyGlassMat.mat
  artifactKey: Guid(9ec0b6c6a444bdb448479a6ce54682f9) Importer(815301076,1909f56bfc062723c751e8b465ee728b)
Start importing Assets/ApocalypticBuildings/DirtyGlassMat.mat using Guid(9ec0b6c6a444bdb448479a6ce54682f9) Importer(815301076,1909f56bfc062723c751e8b465ee728b)  -> (artifact id: '4e0df5ad5431308ee1c9964c46a91dd8') in 0.206917 seconds 
========================================================================
Received Import Request.
  Time since last request: 5.331008 seconds.
  path: Assets/ApocalypticBuildings/ApocalypticProps/FBX/ApocalypticFlag01.fbx
  artifactKey: Guid(ab35c64da7e131c48908a7066319d590) Importer(815301076,1909f56bfc062723c751e8b465ee728b)
Start importing Assets/ApocalypticBuildings/ApocalypticProps/FBX/ApocalypticFlag01.fbx using Guid(ab35c64da7e131c48908a7066319d590) Importer(815301076,1909f56bfc062723c751e8b465ee728b)  -> (artifact id: '3fefa7682e73d1ad8ccb608f25aaeaa5') in 0.019382 seconds 
========================================================================
Received Import Request.
  Time since last request: 0.816971 seconds.
  path: Assets/ApocalypticBuildings/ApocalypticProps/Materials/ApocalypticProps_Flag01.mat
  artifactKey: Guid(e158257f773620e45b297f97c4bd8bb9) Importer(815301076,1909f56bfc062723c751e8b465ee728b)
Start importing Assets/ApocalypticBuildings/ApocalypticProps/Materials/ApocalypticProps_Flag01.mat using Guid(e158257f773620e45b297f97c4bd8bb9) Importer(815301076,1909f56bfc062723c751e8b465ee728b)  -> (artifact id: '2f9b3498bb68af71ce4d4d6e55c7f5d5') in 0.020433 seconds 
========================================================================
Received Import Request.
  Time since last request: 0.759057 seconds.
  path: Assets/ApocalypticBuildings/ApocalypticProps/Prefabs/ApocalypticFlag01.prefab
  artifactKey: Guid(e935190224816504ca288ad6b3ff47f2) Importer(815301076,1909f56bfc062723c751e8b465ee728b)
Start importing Assets/ApocalypticBuildings/ApocalypticProps/Prefabs/ApocalypticFlag01.prefab using Guid(e935190224816504ca288ad6b3ff47f2) Importer(815301076,1909f56bfc062723c751e8b465ee728b)  -> (artifact id: '4bf88bee15449b47223c4941f65cdcb4') in 0.016834 seconds 
========================================================================
Received Import Request.
  Time since last request: 0.690796 seconds.
  path: Assets/ApocalypticBuildings/ApocalypticProps/Textures/ApocalypticProps_Flag01_AlbedoTransparency.png
  artifactKey: Guid(27455f6fb37ec2547837340ccca3b545) Importer(815301076,1909f56bfc062723c751e8b465ee728b)
Start importing Assets/ApocalypticBuildings/ApocalypticProps/Textures/ApocalypticProps_Flag01_AlbedoTransparency.png using Guid(27455f6fb37ec2547837340ccca3b545) Importer(815301076,1909f56bfc062723c751e8b465ee728b)  -> (artifact id: '1211defce345a92f83f5af296f18a4e2') in 0.041258 seconds 
========================================================================
Received Import Request.
  Time since last request: 2140.200088 seconds.
  path: Assets/ApocalypticBuildings/ApocalypticProps
  artifactKey: Guid(04a26cd797306d041a79ded7c7d897d4) Importer(815301076,1909f56bfc062723c751e8b465ee728b)
Start importing Assets/ApocalypticBuildings/ApocalypticProps using Guid(04a26cd797306d041a79ded7c7d897d4) Importer(815301076,1909f56bfc062723c751e8b465ee728b)  -> (artifact id: 'dc3e0a9fb04129818fe1bb372244532e') in 0.009379 seconds 
========================================================================
Received Import Request.
  Time since last request: 1.840105 seconds.
  path: Assets/ApocalypticBuildings/ApocalypticProps/Prefabs
  artifactKey: Guid(06dbbf97c86db084db4a2cef8ae52c0a) Importer(815301076,1909f56bfc062723c751e8b465ee728b)
Start importing Assets/ApocalypticBuildings/ApocalypticProps/Prefabs using Guid(06dbbf97c86db084db4a2cef8ae52c0a) Importer(815301076,1909f56bfc062723c751e8b465ee728b)  -> (artifact id: 'f8115798b5042fbe5bf65602162c4156') in 0.008183 seconds 
========================================================================
Received Import Request.
  Time since last request: 132.869052 seconds.
  path: Assets/F04/Prefabs
  artifactKey: Guid(91a1b0bb7b8891b42864bf3dff1f19b6) Importer(815301076,1909f56bfc062723c751e8b465ee728b)
Start importing Assets/F04/Prefabs using Guid(91a1b0bb7b8891b42864bf3dff1f19b6) Importer(815301076,1909f56bfc062723c751e8b465ee728b)  -> (artifact id: '88e68babc555cb08bc1fb562de679471') in 0.001974 seconds 
========================================================================
Received Import Request.
  Time since last request: 0.190771 seconds.
  path: Assets/F04/Prefabs/f_04.prefab
  artifactKey: Guid(c13f742b894339842a2f39e8815c8722) Importer(815301076,1909f56bfc062723c751e8b465ee728b)
Start importing Assets/F04/Prefabs/f_04.prefab using Guid(c13f742b894339842a2f39e8815c8722) Importer(815301076,1909f56bfc062723c751e8b465ee728b)  -> (artifact id: '2ebbabcfd544b152c6b1a67a6785f83d') in 0.216211 seconds 
========================================================================
Received Import Request.
  Time since last request: 104.735216 seconds.
  path: Assets/F04/Prefabs/f_04.prefab
  artifactKey: Guid(c13f742b894339842a2f39e8815c8722) Importer(815301076,1909f56bfc062723c751e8b465ee728b)
Start importing Assets/F04/Prefabs/f_04.prefab using Guid(c13f742b894339842a2f39e8815c8722) Importer(815301076,1909f56bfc062723c751e8b465ee728b)  -> (artifact id: 'ad63694426e2c3824f3db28b945a9fff') in 0.015405 seconds 
