Using pre-set license
Built from '2021.3/staging' branch; Version is '2021.3.20f1 (577897200b8b) revision 5732503'; Using compiler version '192829333'; Build Type 'Release'
OS: 'Windows 10  (10.0.18362) 64bit Professional' Language: 'ko' Physical Memory: 16194 MB
BatchMode: 1, IsHumanControllingUs: 0, StartBugReporterOnCrash: 0, Is64bit: 1, IsPro: 1

COMMAND LINE ARGUMENTS:
C:\Program Files\Unity\Hub\Editor\2021.3.20f1\Editor\Unity.exe
-adb2
-batchMode
-noUpm
-name
AssetImportWorker2
-projectPath
C:/Users/SGA/Desktop/Unity_3D/Unity3D/My project
-logFile
Logs/AssetImportWorker2.log
-srvPort
51805
Successfully changed project path to: C:/Users/SGA/Desktop/Unity_3D/Unity3D/My project
C:/Users/SGA/Desktop/Unity_3D/Unity3D/My project
[UnityMemory] Configuration Parameters - Can be set up in boot.config
    "memorysetup-bucket-allocator-granularity=16"
    "memorysetup-bucket-allocator-bucket-count=8"
    "memorysetup-bucket-allocator-block-size=33554432"
    "memorysetup-bucket-allocator-block-count=8"
    "memorysetup-main-allocator-block-size=16777216"
    "memorysetup-thread-allocator-block-size=16777216"
    "memorysetup-gfx-main-allocator-block-size=16777216"
    "memorysetup-gfx-thread-allocator-block-size=16777216"
    "memorysetup-cache-allocator-block-size=4194304"
    "memorysetup-typetree-allocator-block-size=2097152"
    "memorysetup-profiler-bucket-allocator-granularity=16"
    "memorysetup-profiler-bucket-allocator-bucket-count=8"
    "memorysetup-profiler-bucket-allocator-block-size=33554432"
    "memorysetup-profiler-bucket-allocator-block-count=8"
    "memorysetup-profiler-allocator-block-size=16777216"
    "memorysetup-profiler-editor-allocator-block-size=1048576"
    "memorysetup-temp-allocator-size-main=16777216"
    "memorysetup-job-temp-allocator-block-size=2097152"
    "memorysetup-job-temp-allocator-block-size-background=1048576"
    "memorysetup-job-temp-allocator-reduction-small-platforms=262144"
    "memorysetup-temp-allocator-size-background-worker=32768"
    "memorysetup-temp-allocator-size-job-worker=262144"
    "memorysetup-temp-allocator-size-preload-manager=33554432"
    "memorysetup-temp-allocator-size-nav-mesh-worker=65536"
    "memorysetup-temp-allocator-size-audio-worker=65536"
    "memorysetup-temp-allocator-size-cloud-worker=32768"
    "memorysetup-temp-allocator-size-gi-baking-worker=262144"
    "memorysetup-temp-allocator-size-gfx=262144"
Player connection [8660] Host "[IP] 192.168.0.202 [Port] 0 [Flags] 2 [Guid] 2247918009 [EditorId] 2247918009 [Version] 1048832 [Id] WindowsEditor(7,DESKTOP-HQKDT44) [Debug] 1 [PackageName] WindowsEditor [ProjectName] Editor" joined multi-casting on [225.0.0.222:54997]...

Player connection [8660] Host "[IP] 192.168.0.202 [Port] 0 [Flags] 2 [Guid] 2247918009 [EditorId] 2247918009 [Version] 1048832 [Id] WindowsEditor(7,DESKTOP-HQKDT44) [Debug] 1 [PackageName] WindowsEditor [ProjectName] Editor" joined alternative multi-casting on [225.0.0.222:34997]...

Refreshing native plugins compatible for Editor in 59.76 ms, found 3 plugins.
Preloading 0 native plugins for Editor in 0.00 ms.
Initialize engine version: 2021.3.20f1 (577897200b8b)
[Subsystems] Discovering subsystems at path C:/Program Files/Unity/Hub/Editor/2021.3.20f1/Editor/Data/Resources/UnitySubsystems
[Subsystems] Discovering subsystems at path C:/Users/SGA/Desktop/Unity_3D/Unity3D/My project/Assets
GfxDevice: creating device client; threaded=0; jobified=0
Direct3D:
    Version:  Direct3D 11.0 [level 11.1]
    Renderer: NVIDIA GeForce GTX 1650 (ID=0x1f82)
    Vendor:   NVIDIA
    VRAM:     3962 MB
    Driver:   31.0.15.1694
Initialize mono
Mono path[0] = 'C:/Program Files/Unity/Hub/Editor/2021.3.20f1/Editor/Data/Managed'
Mono path[1] = 'C:/Program Files/Unity/Hub/Editor/2021.3.20f1/Editor/Data/MonoBleedingEdge/lib/mono/unityjit-win32'
Mono config path = 'C:/Program Files/Unity/Hub/Editor/2021.3.20f1/Editor/Data/MonoBleedingEdge/etc'
Using monoOptions --debugger-agent=transport=dt_socket,embedding=1,server=y,suspend=n,address=127.0.0.1:56676
Begin MonoManager ReloadAssembly
Registering precompiled unity dll's ...
Register platform support module: C:/Program Files/Unity/Hub/Editor/2021.3.20f1/Editor/Data/PlaybackEngines/AndroidPlayer/UnityEditor.Android.Extensions.dll
Register platform support module: C:/Program Files/Unity/Hub/Editor/2021.3.20f1/Editor/Data/PlaybackEngines/WindowsStandaloneSupport/UnityEditor.WindowsStandalone.Extensions.dll
Registered in 0.003327 seconds.
Native extension for WindowsStandalone target not found
Native extension for Android target not found
Android Extension - Scanning For ADB Devices 133 ms
Refreshing native plugins compatible for Editor in 56.21 ms, found 3 plugins.
Preloading 0 native plugins for Editor in 0.00 ms.
Mono: successfully reloaded assembly
- Completed reload, in  0.555 seconds
Domain Reload Profiling:
	ReloadAssembly (555ms)
		BeginReloadAssembly (57ms)
			ExecutionOrderSort (0ms)
			DisableScriptedObjects (0ms)
			BackupInstance (0ms)
			ReleaseScriptingObjects (0ms)
			CreateAndSetChildDomain (1ms)
		EndReloadAssembly (434ms)
			LoadAssemblies (56ms)
			RebuildTransferFunctionScriptingTraits (0ms)
			SetupTypeCache (68ms)
			ReleaseScriptCaches (0ms)
			RebuildScriptCaches (18ms)
			SetupLoadedEditorAssemblies (316ms)
				LogAssemblyErrors (0ms)
				InitializePlatformSupportModulesInManaged (175ms)
				SetLoadedEditorAssemblies (0ms)
				RefreshPlugins (56ms)
				BeforeProcessingInitializeOnLoad (1ms)
				ProcessInitializeOnLoadAttributes (57ms)
				ProcessInitializeOnLoadMethodAttributes (27ms)
				AfterProcessingInitializeOnLoad (0ms)
				EditorAssembliesLoaded (0ms)
			ExecutionOrderSort2 (0ms)
			AwakeInstancesAfterBackupRestoration (0ms)
Platform modules already initialized, skipping
Registering precompiled user dll's ...
Registered in 0.002697 seconds.
Begin MonoManager ReloadAssembly
Symbol file LoadedFromMemory doesn't match image C:\Users\SGA\Desktop\Unity_3D\Unity3D\My project\Library\PackageCache\com.unity.visualscripting@1.8.0\Editor\VisualScripting.Core\Dependencies\YamlDotNet\Unity.VisualScripting.YamlDotNet.dll
Symbol file LoadedFromMemory doesn't match image C:\Users\SGA\Desktop\Unity_3D\Unity3D\My project\Library\PackageCache\com.unity.visualscripting@1.8.0\Editor\VisualScripting.Core\Dependencies\DotNetZip\Unity.VisualScripting.IonicZip.dll
Native extension for WindowsStandalone target not found
Native extension for Android target not found
Refreshing native plugins compatible for Editor in 56.21 ms, found 3 plugins.
Preloading 0 native plugins for Editor in 0.00 ms.
Mono: successfully reloaded assembly
- Completed reload, in  0.749 seconds
Domain Reload Profiling:
	ReloadAssembly (750ms)
		BeginReloadAssembly (78ms)
			ExecutionOrderSort (0ms)
			DisableScriptedObjects (4ms)
			BackupInstance (0ms)
			ReleaseScriptingObjects (0ms)
			CreateAndSetChildDomain (14ms)
		EndReloadAssembly (600ms)
			LoadAssemblies (58ms)
			RebuildTransferFunctionScriptingTraits (0ms)
			SetupTypeCache (170ms)
			ReleaseScriptCaches (0ms)
			RebuildScriptCaches (32ms)
			SetupLoadedEditorAssemblies (316ms)
				LogAssemblyErrors (0ms)
				InitializePlatformSupportModulesInManaged (11ms)
				SetLoadedEditorAssemblies (0ms)
				RefreshPlugins (56ms)
				BeforeProcessingInitializeOnLoad (55ms)
				ProcessInitializeOnLoadAttributes (179ms)
				ProcessInitializeOnLoadMethodAttributes (10ms)
				AfterProcessingInitializeOnLoad (4ms)
				EditorAssembliesLoaded (0ms)
			ExecutionOrderSort2 (0ms)
			AwakeInstancesAfterBackupRestoration (3ms)
Platform modules already initialized, skipping
========================================================================
Worker process is ready to serve import requests
Launched and connected shader compiler UnityShaderCompiler.exe after 0.02 seconds
Refreshing native plugins compatible for Editor in 0.38 ms, found 3 plugins.
Preloading 0 native plugins for Editor in 0.00 ms.
Unloading 3234 Unused Serialized files (Serialized files now loaded: 0)
Unloading 45 unused Assets / (0.6 MB). Loaded Objects now: 3715.
Memory consumption went from 138.5 MB to 137.8 MB.
Total: 2.134200 ms (FindLiveObjects: 0.172400 ms CreateObjectMapping: 0.076000 ms MarkObjects: 1.727900 ms  DeleteObjects: 0.156900 ms)

AssetImportParameters requested are different than current active one (requested -> active):
  custom:video-decoder-ogg-theora: a1e56fd34408186e4bbccfd4996cb3dc -> 
  custom:container-muxer-webm: aa71ff27fc2769a1b78a27578f13a17b -> 
  custom:container-demuxer-webm: 4f35f7cbe854078d1ac9338744f61a02 -> 
  custom:video-encoder-webm-vp8: eb34c28f22e8b96e1ab97ce403110664 -> 
  custom:audio-encoder-webm-vorbis: bf7c407c2cedff20999df2af8eb42d56 -> 
  custom:framework-win-MediaFoundation: 216162199b28c13a410421893ffa2e32 -> 
  custom:container-demuxer-ogg: 62fdf1f143b41e24485cea50d1cbac27 -> 
  custom:video-decoder-webm-vp8: 9c59270c3fd7afecdb556c50c9e8de78 -> 
  custom:audio-decoder-ogg-vorbis: bf7c407c2cedff20999df2af8eb42d56 -> 
========================================================================
Received Import Request.
  Time since last request: 9209.074980 seconds.
  path: Assets/greyRoadStudio/LowPolyTreePack/Prefabs
  artifactKey: Guid(3a86b0cc5468f0b4db21353307b9724e) Importer(815301076,1909f56bfc062723c751e8b465ee728b)
Start importing Assets/greyRoadStudio/LowPolyTreePack/Prefabs using Guid(3a86b0cc5468f0b4db21353307b9724e) Importer(815301076,1909f56bfc062723c751e8b465ee728b)  -> (artifact id: '82c054faab166d52ee3b3da5c4cccccd') in 0.011499 seconds 
========================================================================
Received Import Request.
  Time since last request: 0.075817 seconds.
  path: Assets/greyRoadStudio/LowPolyTreePack/Prefabs/birchTree.prefab
  artifactKey: Guid(e6f343cc46467004f811ce2ba3a3841b) Importer(815301076,1909f56bfc062723c751e8b465ee728b)
Start importing Assets/greyRoadStudio/LowPolyTreePack/Prefabs/birchTree.prefab using Guid(e6f343cc46467004f811ce2ba3a3841b) Importer(815301076,1909f56bfc062723c751e8b465ee728b)  -> (artifact id: 'b32aeef28dfc280448679e98073bae3d') in 0.084459 seconds 
========================================================================
Received Import Request.
  Time since last request: 0.000022 seconds.
  path: Assets/greyRoadStudio/LowPolyTreePack/Prefabs/pineTree04.prefab
  artifactKey: Guid(db15def326817084cb719e1c5f999b99) Importer(815301076,1909f56bfc062723c751e8b465ee728b)
Start importing Assets/greyRoadStudio/LowPolyTreePack/Prefabs/pineTree04.prefab using Guid(db15def326817084cb719e1c5f999b99) Importer(815301076,1909f56bfc062723c751e8b465ee728b)  -> (artifact id: 'cca250afe89da56974745ada9ddda25a') in 0.013062 seconds 
========================================================================
Received Import Request.
  Time since last request: 0.000020 seconds.
  path: Assets/greyRoadStudio/LowPolyTreePack/Prefabs/pineTree.prefab
  artifactKey: Guid(3e07483cd9aa6a141bb9c8e2d2c2bdad) Importer(815301076,1909f56bfc062723c751e8b465ee728b)
Start importing Assets/greyRoadStudio/LowPolyTreePack/Prefabs/pineTree.prefab using Guid(3e07483cd9aa6a141bb9c8e2d2c2bdad) Importer(815301076,1909f56bfc062723c751e8b465ee728b)  -> (artifact id: '036eed76dc7fed39ea380eb572673594') in 0.011076 seconds 
========================================================================
Received Import Request.
  Time since last request: 147.444970 seconds.
  path: Assets/greyRoadStudio/LowPolyTreePack/Materials/Mat_BirchTree.mat
  artifactKey: Guid(e85d88f441c91ca4c898a36c492940dc) Importer(815301076,1909f56bfc062723c751e8b465ee728b)
Start importing Assets/greyRoadStudio/LowPolyTreePack/Materials/Mat_BirchTree.mat using Guid(e85d88f441c91ca4c898a36c492940dc) Importer(815301076,1909f56bfc062723c751e8b465ee728b)  -> (artifact id: '7011f741cbdc433f7736702a20071a76') in 0.094344 seconds 
========================================================================
Received Import Request.
  Time since last request: 0.000021 seconds.
  path: Assets/greyRoadStudio/LowPolyTreePack/Materials/Mat_Rock02.mat
  artifactKey: Guid(0605d676e185391419db61f0d07c257d) Importer(815301076,1909f56bfc062723c751e8b465ee728b)
Start importing Assets/greyRoadStudio/LowPolyTreePack/Materials/Mat_Rock02.mat using Guid(0605d676e185391419db61f0d07c257d) Importer(815301076,1909f56bfc062723c751e8b465ee728b)  -> (artifact id: '24ad31d11057be286a5789dbf41218bc') in 0.031805 seconds 
========================================================================
Received Import Request.
  Time since last request: 0.000032 seconds.
  path: Assets/greyRoadStudio/LowPolyTreePack/Materials/Mat_StumpBark.mat
  artifactKey: Guid(924a3979b6c622c40a8c60f66f00be26) Importer(815301076,1909f56bfc062723c751e8b465ee728b)
Start importing Assets/greyRoadStudio/LowPolyTreePack/Materials/Mat_StumpBark.mat using Guid(924a3979b6c622c40a8c60f66f00be26) Importer(815301076,1909f56bfc062723c751e8b465ee728b)  -> (artifact id: 'b9df8633eb898cb712e73cbdccc00e16') in 0.013036 seconds 
========================================================================
Received Import Request.
  Time since last request: 0.000020 seconds.
  path: Assets/greyRoadStudio/LowPolyTreePack/Materials/Mat_Rock03.mat
  artifactKey: Guid(5ee52a642284f5e4385dabb20444d29a) Importer(815301076,1909f56bfc062723c751e8b465ee728b)
Start importing Assets/greyRoadStudio/LowPolyTreePack/Materials/Mat_Rock03.mat using Guid(5ee52a642284f5e4385dabb20444d29a) Importer(815301076,1909f56bfc062723c751e8b465ee728b)  -> (artifact id: 'b0873186b81b35cf01cf7f5a8299eca2') in 0.012660 seconds 
========================================================================
Received Import Request.
  Time since last request: 0.000018 seconds.
  path: Assets/greyRoadStudio/LowPolyTreePack/Materials/Mat_Rock01.mat
  artifactKey: Guid(41aba79095f97cd43927b0a4c906b435) Importer(815301076,1909f56bfc062723c751e8b465ee728b)
Start importing Assets/greyRoadStudio/LowPolyTreePack/Materials/Mat_Rock01.mat using Guid(41aba79095f97cd43927b0a4c906b435) Importer(815301076,1909f56bfc062723c751e8b465ee728b)  -> (artifact id: 'c1009624c12c27e238f719bbddb8d14f') in 0.011466 seconds 
========================================================================
Received Import Request.
  Time since last request: 0.000017 seconds.
  path: Assets/greyRoadStudio/LowPolyTreePack/Materials/Mat_StumpWood.mat
  artifactKey: Guid(7070f0aa97fe7ca49b39847a252871d9) Importer(815301076,1909f56bfc062723c751e8b465ee728b)
Start importing Assets/greyRoadStudio/LowPolyTreePack/Materials/Mat_StumpWood.mat using Guid(7070f0aa97fe7ca49b39847a252871d9) Importer(815301076,1909f56bfc062723c751e8b465ee728b)  -> (artifact id: '949d8f2f871d75a25ec237ca53e05162') in 0.010362 seconds 
Editor requested this worker to shutdown with reason: Scaling down because of idle timeout
AssetImportWorker is now disconnected from the server
Process exiting
Exiting without the bug reporter. Application will terminate with return code 0